2019-09-18 14:48:59,814 [Worker-6: Loading available Gradle versions] INFO  o.e.b.c.i.u.g.PublishedGradleVersions - Gradle version information cache is out-of-date. Trying to update.
2019-09-18 15:19:54,823 [Worker-12: Importing Maven projects] INFO  o.e.m.c.i.e.AbstractTransferListenerAdapter - Downloading https://repo.maven.apache.org/maven2/org/springframework/boot/spring-boot-starter-parent/2.1.8.RELEASE/spring-boot-starter-parent-2.1.8.RELEASE.pom
2019-09-18 15:19:54,979 [Worker-12: Importing Maven projects] INFO  o.e.m.c.i.e.AbstractTransferListenerAdapter - Downloaded https://repo.maven.apache.org/maven2/org/springframework/boot/spring-boot-starter-parent/2.1.8.RELEASE/spring-boot-starter-parent-2.1.8.RELEASE.pom
2019-09-18 15:19:55,104 [Worker-12: Importing Maven projects] INFO  o.e.m.c.i.e.AbstractTransferListenerAdapter - Downloading https://repo.maven.apache.org/maven2/org/springframework/boot/spring-boot-dependencies/2.1.8.RELEASE/spring-boot-dependencies-2.1.8.RELEASE.pom
2019-09-18 15:19:55,541 [Worker-12: Importing Maven projects] INFO  o.e.m.c.i.e.AbstractTransferListenerAdapter - Downloaded https://repo.maven.apache.org/maven2/org/springframework/boot/spring-boot-dependencies/2.1.8.RELEASE/spring-boot-dependencies-2.1.8.RELEASE.pom
2019-09-18 15:19:55,682 [Worker-12: Importing Maven projects] INFO  o.e.m.c.i.e.AbstractTransferListenerAdapter - Downloading https://repo.maven.apache.org/maven2/com/fasterxml/jackson/jackson-bom/2.9.9.20190807/jackson-bom-2.9.9.20190807.pom
2019-09-18 15:19:55,745 [Worker-12: Importing Maven projects] INFO  o.e.m.c.i.e.AbstractTransferListenerAdapter - Downloaded https://repo.maven.apache.org/maven2/com/fasterxml/jackson/jackson-bom/2.9.9.20190807/jackson-bom-2.9.9.20190807.pom
2019-09-18 15:19:55,854 [Worker-12: Importing Maven projects] INFO  o.e.m.c.i.e.AbstractTransferListenerAdapter - Downloading https://repo.maven.apache.org/maven2/io/netty/netty-bom/4.1.39.Final/netty-bom-4.1.39.Final.pom
2019-09-18 15:19:55,916 [Worker-12: Importing Maven projects] INFO  o.e.m.c.i.e.AbstractTransferListenerAdapter - Downloaded https://repo.maven.apache.org/maven2/io/netty/netty-bom/4.1.39.Final/netty-bom-4.1.39.Final.pom
2019-09-18 15:19:55,995 [Worker-12: Importing Maven projects] INFO  o.e.m.c.i.e.AbstractTransferListenerAdapter - Downloading https://repo.maven.apache.org/maven2/io/projectreactor/reactor-bom/Californium-SR11/reactor-bom-Californium-SR11.pom
2019-09-18 15:19:56,057 [Worker-12: Importing Maven projects] INFO  o.e.m.c.i.e.AbstractTransferListenerAdapter - Downloaded https://repo.maven.apache.org/maven2/io/projectreactor/reactor-bom/Californium-SR11/reactor-bom-Californium-SR11.pom
2019-09-18 15:19:56,963 [Worker-12: Importing Maven projects] INFO  o.e.m.c.i.e.AbstractTransferListenerAdapter - Downloading https://repo.maven.apache.org/maven2/org/springframework/boot/spring-boot-maven-plugin/2.1.8.RELEASE/spring-boot-maven-plugin-2.1.8.RELEASE.pom
2019-09-18 15:19:57,026 [Worker-12: Importing Maven projects] INFO  o.e.m.c.i.e.AbstractTransferListenerAdapter - Downloaded https://repo.maven.apache.org/maven2/org/springframework/boot/spring-boot-maven-plugin/2.1.8.RELEASE/spring-boot-maven-plugin-2.1.8.RELEASE.pom
2019-09-18 15:19:57,104 [Worker-12: Importing Maven projects] INFO  o.e.m.c.i.e.AbstractTransferListenerAdapter - Downloading https://repo.maven.apache.org/maven2/org/springframework/boot/spring-boot-tools/2.1.8.RELEASE/spring-boot-tools-2.1.8.RELEASE.pom
2019-09-18 15:19:57,167 [Worker-12: Importing Maven projects] INFO  o.e.m.c.i.e.AbstractTransferListenerAdapter - Downloaded https://repo.maven.apache.org/maven2/org/springframework/boot/spring-boot-tools/2.1.8.RELEASE/spring-boot-tools-2.1.8.RELEASE.pom
2019-09-18 15:19:57,229 [Worker-12: Importing Maven projects] INFO  o.e.m.c.i.e.AbstractTransferListenerAdapter - Downloading https://repo.maven.apache.org/maven2/org/springframework/boot/spring-boot-parent/2.1.8.RELEASE/spring-boot-parent-2.1.8.RELEASE.pom
2019-09-18 15:19:57,292 [Worker-12: Importing Maven projects] INFO  o.e.m.c.i.e.AbstractTransferListenerAdapter - Downloaded https://repo.maven.apache.org/maven2/org/springframework/boot/spring-boot-parent/2.1.8.RELEASE/spring-boot-parent-2.1.8.RELEASE.pom
2019-09-18 15:19:57,401 [Worker-12: Importing Maven projects] INFO  o.e.m.c.i.e.AbstractTransferListenerAdapter - Downloading https://repo.maven.apache.org/maven2/org/springframework/boot/spring-boot-maven-plugin/2.1.8.RELEASE/spring-boot-maven-plugin-2.1.8.RELEASE.jar
2019-09-18 15:19:57,698 [Worker-12: Importing Maven projects] INFO  o.e.m.c.i.e.AbstractTransferListenerAdapter - Downloaded https://repo.maven.apache.org/maven2/org/springframework/boot/spring-boot-maven-plugin/2.1.8.RELEASE/spring-boot-maven-plugin-2.1.8.RELEASE.jar
2019-09-18 15:20:02,240 [Worker-12: Importing Maven projects] INFO  o.e.m.c.i.l.LifecycleMappingFactory - Using org.eclipse.m2e.jdt.JarLifecycleMapping lifecycle mapping for MavenProject: com.kart:RaceGenerator:0.0.1-SNAPSHOT @ E:\raceGenerator\RaceGenerator\pom.xml.
2019-09-18 15:20:02,287 [Worker-12: Importing Maven projects] INFO  o.e.m.c.i.e.AbstractTransferListenerAdapter - Downloading https://repo.maven.apache.org/maven2/org/springframework/boot/spring-boot-starter-thymeleaf/2.1.8.RELEASE/spring-boot-starter-thymeleaf-2.1.8.RELEASE.pom
2019-09-18 15:20:02,381 [Worker-12: Importing Maven projects] INFO  o.e.m.c.i.e.AbstractTransferListenerAdapter - Downloaded https://repo.maven.apache.org/maven2/org/springframework/boot/spring-boot-starter-thymeleaf/2.1.8.RELEASE/spring-boot-starter-thymeleaf-2.1.8.RELEASE.pom
2019-09-18 15:20:02,443 [Worker-12: Importing Maven projects] INFO  o.e.m.c.i.e.AbstractTransferListenerAdapter - Downloading https://repo.maven.apache.org/maven2/org/springframework/boot/spring-boot-starters/2.1.8.RELEASE/spring-boot-starters-2.1.8.RELEASE.pom
2019-09-18 15:20:02,506 [Worker-12: Importing Maven projects] INFO  o.e.m.c.i.e.AbstractTransferListenerAdapter - Downloaded https://repo.maven.apache.org/maven2/org/springframework/boot/spring-boot-starters/2.1.8.RELEASE/spring-boot-starters-2.1.8.RELEASE.pom
2019-09-18 15:20:02,568 [Worker-12: Importing Maven projects] INFO  o.e.m.c.i.e.AbstractTransferListenerAdapter - Downloading https://repo.maven.apache.org/maven2/org/springframework/boot/spring-boot-starter/2.1.8.RELEASE/spring-boot-starter-2.1.8.RELEASE.pom
2019-09-18 15:20:02,631 [Worker-12: Importing Maven projects] INFO  o.e.m.c.i.e.AbstractTransferListenerAdapter - Downloaded https://repo.maven.apache.org/maven2/org/springframework/boot/spring-boot-starter/2.1.8.RELEASE/spring-boot-starter-2.1.8.RELEASE.pom
2019-09-18 15:20:02,709 [Worker-12: Importing Maven projects] INFO  o.e.m.c.i.e.AbstractTransferListenerAdapter - Downloading https://repo.maven.apache.org/maven2/org/springframework/boot/spring-boot/2.1.8.RELEASE/spring-boot-2.1.8.RELEASE.pom
2019-09-18 15:20:02,771 [Worker-12: Importing Maven projects] INFO  o.e.m.c.i.e.AbstractTransferListenerAdapter - Downloaded https://repo.maven.apache.org/maven2/org/springframework/boot/spring-boot/2.1.8.RELEASE/spring-boot-2.1.8.RELEASE.pom
2019-09-18 15:20:02,896 [Worker-12: Importing Maven projects] INFO  o.e.m.c.i.e.AbstractTransferListenerAdapter - Downloading https://repo.maven.apache.org/maven2/org/springframework/boot/spring-boot-autoconfigure/2.1.8.RELEASE/spring-boot-autoconfigure-2.1.8.RELEASE.pom
2019-09-18 15:20:03,287 [Worker-12: Importing Maven projects] INFO  o.e.m.c.i.e.AbstractTransferListenerAdapter - Downloaded https://repo.maven.apache.org/maven2/org/springframework/boot/spring-boot-autoconfigure/2.1.8.RELEASE/spring-boot-autoconfigure-2.1.8.RELEASE.pom
2019-09-18 15:20:03,365 [Worker-12: Importing Maven projects] INFO  o.e.m.c.i.e.AbstractTransferListenerAdapter - Downloading https://repo.maven.apache.org/maven2/org/springframework/boot/spring-boot-starter-logging/2.1.8.RELEASE/spring-boot-starter-logging-2.1.8.RELEASE.pom
2019-09-18 15:20:03,428 [Worker-12: Importing Maven projects] INFO  o.e.m.c.i.e.AbstractTransferListenerAdapter - Downloaded https://repo.maven.apache.org/maven2/org/springframework/boot/spring-boot-starter-logging/2.1.8.RELEASE/spring-boot-starter-logging-2.1.8.RELEASE.pom
2019-09-18 15:20:03,521 [Worker-12: Importing Maven projects] INFO  o.e.m.c.i.e.AbstractTransferListenerAdapter - Downloading https://repo.maven.apache.org/maven2/org/slf4j/slf4j-api/1.7.28/slf4j-api-1.7.28.pom
2019-09-18 15:20:03,584 [Worker-12: Importing Maven projects] INFO  o.e.m.c.i.e.AbstractTransferListenerAdapter - Downloaded https://repo.maven.apache.org/maven2/org/slf4j/slf4j-api/1.7.28/slf4j-api-1.7.28.pom
2019-09-18 15:20:03,662 [Worker-12: Importing Maven projects] INFO  o.e.m.c.i.e.AbstractTransferListenerAdapter - Downloading https://repo.maven.apache.org/maven2/org/slf4j/slf4j-parent/1.7.28/slf4j-parent-1.7.28.pom
2019-09-18 15:20:03,740 [Worker-12: Importing Maven projects] INFO  o.e.m.c.i.e.AbstractTransferListenerAdapter - Downloaded https://repo.maven.apache.org/maven2/org/slf4j/slf4j-parent/1.7.28/slf4j-parent-1.7.28.pom
2019-09-18 15:20:03,834 [Worker-12: Importing Maven projects] INFO  o.e.m.c.i.e.AbstractTransferListenerAdapter - Downloading https://repo.maven.apache.org/maven2/org/slf4j/jul-to-slf4j/1.7.28/jul-to-slf4j-1.7.28.pom
2019-09-18 15:20:03,896 [Worker-12: Importing Maven projects] INFO  o.e.m.c.i.e.AbstractTransferListenerAdapter - Downloaded https://repo.maven.apache.org/maven2/org/slf4j/jul-to-slf4j/1.7.28/jul-to-slf4j-1.7.28.pom
2019-09-18 15:20:04,068 [Worker-12: Importing Maven projects] INFO  o.e.m.c.i.e.AbstractTransferListenerAdapter - Downloading https://repo.maven.apache.org/maven2/org/springframework/boot/spring-boot-starter-web/2.1.8.RELEASE/spring-boot-starter-web-2.1.8.RELEASE.pom
2019-09-18 15:20:04,131 [Worker-12: Importing Maven projects] INFO  o.e.m.c.i.e.AbstractTransferListenerAdapter - Downloaded https://repo.maven.apache.org/maven2/org/springframework/boot/spring-boot-starter-web/2.1.8.RELEASE/spring-boot-starter-web-2.1.8.RELEASE.pom
2019-09-18 15:20:04,193 [Worker-12: Importing Maven projects] INFO  o.e.m.c.i.e.AbstractTransferListenerAdapter - Downloading https://repo.maven.apache.org/maven2/org/springframework/boot/spring-boot-starter-json/2.1.8.RELEASE/spring-boot-starter-json-2.1.8.RELEASE.pom
2019-09-18 15:20:04,271 [Worker-12: Importing Maven projects] INFO  o.e.m.c.i.e.AbstractTransferListenerAdapter - Downloaded https://repo.maven.apache.org/maven2/org/springframework/boot/spring-boot-starter-json/2.1.8.RELEASE/spring-boot-starter-json-2.1.8.RELEASE.pom
2019-09-18 15:20:04,448 [Worker-12: Importing Maven projects] INFO  o.e.m.c.i.e.AbstractTransferListenerAdapter - Downloading https://repo.maven.apache.org/maven2/org/springframework/boot/spring-boot-starter-tomcat/2.1.8.RELEASE/spring-boot-starter-tomcat-2.1.8.RELEASE.pom
2019-09-18 15:20:04,520 [Worker-12: Importing Maven projects] INFO  o.e.m.c.i.e.AbstractTransferListenerAdapter - Downloaded https://repo.maven.apache.org/maven2/org/springframework/boot/spring-boot-starter-tomcat/2.1.8.RELEASE/spring-boot-starter-tomcat-2.1.8.RELEASE.pom
2019-09-18 15:20:04,583 [Worker-12: Importing Maven projects] INFO  o.e.m.c.i.e.AbstractTransferListenerAdapter - Downloading https://repo.maven.apache.org/maven2/org/apache/tomcat/embed/tomcat-embed-core/9.0.24/tomcat-embed-core-9.0.24.pom
2019-09-18 15:20:04,661 [Worker-12: Importing Maven projects] INFO  o.e.m.c.i.e.AbstractTransferListenerAdapter - Downloaded https://repo.maven.apache.org/maven2/org/apache/tomcat/embed/tomcat-embed-core/9.0.24/tomcat-embed-core-9.0.24.pom
2019-09-18 15:20:04,723 [Worker-12: Importing Maven projects] INFO  o.e.m.c.i.e.AbstractTransferListenerAdapter - Downloading https://repo.maven.apache.org/maven2/org/apache/tomcat/embed/tomcat-embed-el/9.0.24/tomcat-embed-el-9.0.24.pom
2019-09-18 15:20:04,817 [Worker-12: Importing Maven projects] INFO  o.e.m.c.i.e.AbstractTransferListenerAdapter - Downloaded https://repo.maven.apache.org/maven2/org/apache/tomcat/embed/tomcat-embed-el/9.0.24/tomcat-embed-el-9.0.24.pom
2019-09-18 15:20:04,880 [Worker-12: Importing Maven projects] INFO  o.e.m.c.i.e.AbstractTransferListenerAdapter - Downloading https://repo.maven.apache.org/maven2/org/apache/tomcat/embed/tomcat-embed-websocket/9.0.24/tomcat-embed-websocket-9.0.24.pom
2019-09-18 15:20:04,942 [Worker-12: Importing Maven projects] INFO  o.e.m.c.i.e.AbstractTransferListenerAdapter - Downloaded https://repo.maven.apache.org/maven2/org/apache/tomcat/embed/tomcat-embed-websocket/9.0.24/tomcat-embed-websocket-9.0.24.pom
2019-09-18 15:20:05,005 [Worker-12: Importing Maven projects] INFO  o.e.m.c.i.e.AbstractTransferListenerAdapter - Downloading https://repo.maven.apache.org/maven2/org/apache/tomcat/tomcat-annotations-api/9.0.24/tomcat-annotations-api-9.0.24.pom
2019-09-18 15:20:05,083 [Worker-12: Importing Maven projects] INFO  o.e.m.c.i.e.AbstractTransferListenerAdapter - Downloaded https://repo.maven.apache.org/maven2/org/apache/tomcat/tomcat-annotations-api/9.0.24/tomcat-annotations-api-9.0.24.pom
2019-09-18 15:20:05,255 [Worker-12: Importing Maven projects] INFO  o.e.m.c.i.e.AbstractTransferListenerAdapter - Downloading https://repo.maven.apache.org/maven2/org/jboss/logging/jboss-logging/3.3.3.Final/jboss-logging-3.3.3.Final.pom
2019-09-18 15:20:05,364 [Worker-12: Importing Maven projects] INFO  o.e.m.c.i.e.AbstractTransferListenerAdapter - Downloaded https://repo.maven.apache.org/maven2/org/jboss/logging/jboss-logging/3.3.3.Final/jboss-logging-3.3.3.Final.pom
2019-09-18 15:20:05,505 [Worker-12: Importing Maven projects] INFO  o.e.m.c.i.e.AbstractTransferListenerAdapter - Downloading https://repo.maven.apache.org/maven2/org/springframework/boot/spring-boot-devtools/2.1.8.RELEASE/spring-boot-devtools-2.1.8.RELEASE.pom
2019-09-18 15:20:05,614 [Worker-12: Importing Maven projects] INFO  o.e.m.c.i.e.AbstractTransferListenerAdapter - Downloaded https://repo.maven.apache.org/maven2/org/springframework/boot/spring-boot-devtools/2.1.8.RELEASE/spring-boot-devtools-2.1.8.RELEASE.pom
2019-09-18 15:20:05,739 [Worker-12: Importing Maven projects] INFO  o.e.m.c.i.e.AbstractTransferListenerAdapter - Downloading https://repo.maven.apache.org/maven2/org/springframework/boot/spring-boot-starter-test/2.1.8.RELEASE/spring-boot-starter-test-2.1.8.RELEASE.pom
2019-09-18 15:20:05,833 [Worker-12: Importing Maven projects] INFO  o.e.m.c.i.e.AbstractTransferListenerAdapter - Downloaded https://repo.maven.apache.org/maven2/org/springframework/boot/spring-boot-starter-test/2.1.8.RELEASE/spring-boot-starter-test-2.1.8.RELEASE.pom
2019-09-18 15:20:05,895 [Worker-12: Importing Maven projects] INFO  o.e.m.c.i.e.AbstractTransferListenerAdapter - Downloading https://repo.maven.apache.org/maven2/org/springframework/boot/spring-boot-test/2.1.8.RELEASE/spring-boot-test-2.1.8.RELEASE.pom
2019-09-18 15:20:05,958 [Worker-12: Importing Maven projects] INFO  o.e.m.c.i.e.AbstractTransferListenerAdapter - Downloaded https://repo.maven.apache.org/maven2/org/springframework/boot/spring-boot-test/2.1.8.RELEASE/spring-boot-test-2.1.8.RELEASE.pom
2019-09-18 15:20:06,036 [Worker-12: Importing Maven projects] INFO  o.e.m.c.i.e.AbstractTransferListenerAdapter - Downloading https://repo.maven.apache.org/maven2/org/springframework/boot/spring-boot-test-autoconfigure/2.1.8.RELEASE/spring-boot-test-autoconfigure-2.1.8.RELEASE.pom
2019-09-18 15:20:06,098 [Worker-12: Importing Maven projects] INFO  o.e.m.c.i.e.AbstractTransferListenerAdapter - Downloaded https://repo.maven.apache.org/maven2/org/springframework/boot/spring-boot-test-autoconfigure/2.1.8.RELEASE/spring-boot-test-autoconfigure-2.1.8.RELEASE.pom
2019-09-18 15:20:06,458 [Worker-12: Importing Maven projects] INFO  o.e.m.c.i.e.AbstractTransferListenerAdapter - Downloading https://repo.maven.apache.org/maven2/org/springframework/boot/spring-boot-starter-thymeleaf/2.1.8.RELEASE/spring-boot-starter-thymeleaf-2.1.8.RELEASE.jar
2019-09-18 15:20:06,536 [Worker-12: Importing Maven projects] INFO  o.e.m.c.i.e.AbstractTransferListenerAdapter - Downloaded https://repo.maven.apache.org/maven2/org/springframework/boot/spring-boot-starter-thymeleaf/2.1.8.RELEASE/spring-boot-starter-thymeleaf-2.1.8.RELEASE.jar
2019-09-18 15:20:06,583 [Worker-12: Importing Maven projects] INFO  o.e.m.c.i.e.AbstractTransferListenerAdapter - Downloading https://repo.maven.apache.org/maven2/org/springframework/boot/spring-boot-starter/2.1.8.RELEASE/spring-boot-starter-2.1.8.RELEASE.jar
2019-09-18 15:20:06,661 [Worker-12: Importing Maven projects] INFO  o.e.m.c.i.e.AbstractTransferListenerAdapter - Downloaded https://repo.maven.apache.org/maven2/org/springframework/boot/spring-boot-starter/2.1.8.RELEASE/spring-boot-starter-2.1.8.RELEASE.jar
2019-09-18 15:20:06,708 [Worker-12: Importing Maven projects] INFO  o.e.m.c.i.e.AbstractTransferListenerAdapter - Downloading https://repo.maven.apache.org/maven2/org/springframework/boot/spring-boot-starter-logging/2.1.8.RELEASE/spring-boot-starter-logging-2.1.8.RELEASE.jar
2019-09-18 15:20:06,770 [Worker-12: Importing Maven projects] INFO  o.e.m.c.i.e.AbstractTransferListenerAdapter - Downloaded https://repo.maven.apache.org/maven2/org/springframework/boot/spring-boot-starter-logging/2.1.8.RELEASE/spring-boot-starter-logging-2.1.8.RELEASE.jar
2019-09-18 15:20:06,833 [Worker-12: Importing Maven projects] INFO  o.e.m.c.i.e.AbstractTransferListenerAdapter - Downloading https://repo.maven.apache.org/maven2/org/slf4j/jul-to-slf4j/1.7.28/jul-to-slf4j-1.7.28.jar
2019-09-18 15:20:06,895 [Worker-12: Importing Maven projects] INFO  o.e.m.c.i.e.AbstractTransferListenerAdapter - Downloaded https://repo.maven.apache.org/maven2/org/slf4j/jul-to-slf4j/1.7.28/jul-to-slf4j-1.7.28.jar
2019-09-18 15:20:06,958 [Worker-12: Importing Maven projects] INFO  o.e.m.c.i.e.AbstractTransferListenerAdapter - Downloading https://repo.maven.apache.org/maven2/org/slf4j/slf4j-api/1.7.28/slf4j-api-1.7.28.jar
2019-09-18 15:20:07,270 [Worker-12: Importing Maven projects] INFO  o.e.m.c.i.e.AbstractTransferListenerAdapter - Downloaded https://repo.maven.apache.org/maven2/org/slf4j/slf4j-api/1.7.28/slf4j-api-1.7.28.jar
2019-09-18 15:20:07,333 [Worker-12: Importing Maven projects] INFO  o.e.m.c.i.e.AbstractTransferListenerAdapter - Downloading https://repo.maven.apache.org/maven2/org/springframework/boot/spring-boot-starter-web/2.1.8.RELEASE/spring-boot-starter-web-2.1.8.RELEASE.jar
2019-09-18 15:20:07,395 [Worker-12: Importing Maven projects] INFO  o.e.m.c.i.e.AbstractTransferListenerAdapter - Downloaded https://repo.maven.apache.org/maven2/org/springframework/boot/spring-boot-starter-web/2.1.8.RELEASE/spring-boot-starter-web-2.1.8.RELEASE.jar
2019-09-18 15:20:07,442 [Worker-12: Importing Maven projects] INFO  o.e.m.c.i.e.AbstractTransferListenerAdapter - Downloading https://repo.maven.apache.org/maven2/org/springframework/boot/spring-boot-starter-json/2.1.8.RELEASE/spring-boot-starter-json-2.1.8.RELEASE.jar
2019-09-18 15:20:07,505 [Worker-12: Importing Maven projects] INFO  o.e.m.c.i.e.AbstractTransferListenerAdapter - Downloaded https://repo.maven.apache.org/maven2/org/springframework/boot/spring-boot-starter-json/2.1.8.RELEASE/spring-boot-starter-json-2.1.8.RELEASE.jar
2019-09-18 15:20:07,567 [Worker-12: Importing Maven projects] INFO  o.e.m.c.i.e.AbstractTransferListenerAdapter - Downloading https://repo.maven.apache.org/maven2/org/springframework/boot/spring-boot-starter-tomcat/2.1.8.RELEASE/spring-boot-starter-tomcat-2.1.8.RELEASE.jar
2019-09-18 15:20:07,630 [Worker-12: Importing Maven projects] INFO  o.e.m.c.i.e.AbstractTransferListenerAdapter - Downloaded https://repo.maven.apache.org/maven2/org/springframework/boot/spring-boot-starter-tomcat/2.1.8.RELEASE/spring-boot-starter-tomcat-2.1.8.RELEASE.jar
2019-09-18 15:20:07,692 [Worker-12: Importing Maven projects] INFO  o.e.m.c.i.e.AbstractTransferListenerAdapter - Downloading https://repo.maven.apache.org/maven2/org/apache/tomcat/embed/tomcat-embed-core/9.0.24/tomcat-embed-core-9.0.24.jar
2019-09-18 15:20:12,138 [Worker-12: Importing Maven projects] INFO  o.e.m.c.i.e.AbstractTransferListenerAdapter - Downloaded https://repo.maven.apache.org/maven2/org/apache/tomcat/embed/tomcat-embed-core/9.0.24/tomcat-embed-core-9.0.24.jar
2019-09-18 15:20:12,263 [Worker-12: Importing Maven projects] INFO  o.e.m.c.i.e.AbstractTransferListenerAdapter - Downloading https://repo.maven.apache.org/maven2/org/apache/tomcat/embed/tomcat-embed-el/9.0.24/tomcat-embed-el-9.0.24.jar
2019-09-18 15:20:12,810 [Worker-12: Importing Maven projects] INFO  o.e.m.c.i.e.AbstractTransferListenerAdapter - Downloaded https://repo.maven.apache.org/maven2/org/apache/tomcat/embed/tomcat-embed-el/9.0.24/tomcat-embed-el-9.0.24.jar
2019-09-18 15:20:12,872 [Worker-12: Importing Maven projects] INFO  o.e.m.c.i.e.AbstractTransferListenerAdapter - Downloading https://repo.maven.apache.org/maven2/org/apache/tomcat/embed/tomcat-embed-websocket/9.0.24/tomcat-embed-websocket-9.0.24.jar
2019-09-18 15:20:13,497 [Worker-12: Importing Maven projects] INFO  o.e.m.c.i.e.AbstractTransferListenerAdapter - Downloaded https://repo.maven.apache.org/maven2/org/apache/tomcat/embed/tomcat-embed-websocket/9.0.24/tomcat-embed-websocket-9.0.24.jar
2019-09-18 15:20:13,560 [Worker-12: Importing Maven projects] INFO  o.e.m.c.i.e.AbstractTransferListenerAdapter - Downloading https://repo.maven.apache.org/maven2/org/jboss/logging/jboss-logging/3.3.3.Final/jboss-logging-3.3.3.Final.jar
2019-09-18 15:20:13,810 [Worker-12: Importing Maven projects] INFO  o.e.m.c.i.e.AbstractTransferListenerAdapter - Downloaded https://repo.maven.apache.org/maven2/org/jboss/logging/jboss-logging/3.3.3.Final/jboss-logging-3.3.3.Final.jar
2019-09-18 15:20:13,872 [Worker-12: Importing Maven projects] INFO  o.e.m.c.i.e.AbstractTransferListenerAdapter - Downloading https://repo.maven.apache.org/maven2/org/springframework/boot/spring-boot-devtools/2.1.8.RELEASE/spring-boot-devtools-2.1.8.RELEASE.jar
2019-09-18 15:20:14,435 [Worker-12: Importing Maven projects] INFO  o.e.m.c.i.e.AbstractTransferListenerAdapter - Downloaded https://repo.maven.apache.org/maven2/org/springframework/boot/spring-boot-devtools/2.1.8.RELEASE/spring-boot-devtools-2.1.8.RELEASE.jar
2019-09-18 15:20:14,497 [Worker-12: Importing Maven projects] INFO  o.e.m.c.i.e.AbstractTransferListenerAdapter - Downloading https://repo.maven.apache.org/maven2/org/springframework/boot/spring-boot/2.1.8.RELEASE/spring-boot-2.1.8.RELEASE.jar
2019-09-18 15:20:16,122 [Worker-12: Importing Maven projects] INFO  o.e.m.c.i.e.AbstractTransferListenerAdapter - Downloaded https://repo.maven.apache.org/maven2/org/springframework/boot/spring-boot/2.1.8.RELEASE/spring-boot-2.1.8.RELEASE.jar
2019-09-18 15:20:16,185 [Worker-12: Importing Maven projects] INFO  o.e.m.c.i.e.AbstractTransferListenerAdapter - Downloading https://repo.maven.apache.org/maven2/org/springframework/boot/spring-boot-autoconfigure/2.1.8.RELEASE/spring-boot-autoconfigure-2.1.8.RELEASE.jar
2019-09-18 15:20:17,748 [Worker-12: Importing Maven projects] INFO  o.e.m.c.i.e.AbstractTransferListenerAdapter - Downloaded https://repo.maven.apache.org/maven2/org/springframework/boot/spring-boot-autoconfigure/2.1.8.RELEASE/spring-boot-autoconfigure-2.1.8.RELEASE.jar
2019-09-18 15:20:17,795 [Worker-12: Importing Maven projects] INFO  o.e.m.c.i.e.AbstractTransferListenerAdapter - Downloading https://repo.maven.apache.org/maven2/org/springframework/boot/spring-boot-starter-test/2.1.8.RELEASE/spring-boot-starter-test-2.1.8.RELEASE.jar
2019-09-18 15:20:17,857 [Worker-12: Importing Maven projects] INFO  o.e.m.c.i.e.AbstractTransferListenerAdapter - Downloaded https://repo.maven.apache.org/maven2/org/springframework/boot/spring-boot-starter-test/2.1.8.RELEASE/spring-boot-starter-test-2.1.8.RELEASE.jar
2019-09-18 15:20:17,920 [Worker-12: Importing Maven projects] INFO  o.e.m.c.i.e.AbstractTransferListenerAdapter - Downloading https://repo.maven.apache.org/maven2/org/springframework/boot/spring-boot-test/2.1.8.RELEASE/spring-boot-test-2.1.8.RELEASE.jar
2019-09-18 15:20:18,427 [Worker-12: Importing Maven projects] INFO  o.e.m.c.i.e.AbstractTransferListenerAdapter - Downloaded https://repo.maven.apache.org/maven2/org/springframework/boot/spring-boot-test/2.1.8.RELEASE/spring-boot-test-2.1.8.RELEASE.jar
2019-09-18 15:20:18,474 [Worker-12: Importing Maven projects] INFO  o.e.m.c.i.e.AbstractTransferListenerAdapter - Downloading https://repo.maven.apache.org/maven2/org/springframework/boot/spring-boot-test-autoconfigure/2.1.8.RELEASE/spring-boot-test-autoconfigure-2.1.8.RELEASE.jar
2019-09-18 15:20:18,958 [Worker-12: Importing Maven projects] INFO  o.e.m.c.i.e.AbstractTransferListenerAdapter - Downloaded https://repo.maven.apache.org/maven2/org/springframework/boot/spring-boot-test-autoconfigure/2.1.8.RELEASE/spring-boot-test-autoconfigure-2.1.8.RELEASE.jar
2019-09-18 15:20:22,880 [Worker-12: Importing Maven projects] INFO  o.e.m.j.i.AbstractJavaProjectConfigurator - Adding source folder /RaceGenerator/src/main/java
2019-09-18 15:20:22,880 [Worker-12: Importing Maven projects] INFO  o.e.m.j.i.AbstractJavaProjectConfigurator - Adding resource folder /RaceGenerator/src/main/resources
2019-09-18 15:20:22,880 [Worker-12: Importing Maven projects] INFO  o.e.m.j.i.AbstractJavaProjectConfigurator - Adding resource folder /RaceGenerator/src/main/resources
2019-09-18 15:20:22,896 [Worker-12: Importing Maven projects] INFO  o.e.m.j.i.AbstractJavaProjectConfigurator - Adding source folder /RaceGenerator/src/test/java
2019-09-18 15:20:23,469 [Worker-19: Download sources and javadoc] INFO  o.e.m.c.i.e.AbstractTransferListenerAdapter - Downloaded https://repo.maven.apache.org/maven2/org/springframework/boot/spring-boot-starter-thymeleaf/2.1.8.RELEASE/spring-boot-starter-thymeleaf-2.1.8.RELEASE-sources.jar
2019-09-18 15:20:23,469 [Worker-19: Download sources and javadoc] ERROR o.e.m.j.internal.DownloadSourcesJob - Could not download sources for org.springframework.boot:spring-boot-starter-thymeleaf:2.1.8.RELEASE
org.eclipse.core.runtime.CoreException: Could not resolve artifact org.springframework.boot:spring-boot-starter-thymeleaf:jar:sources:2.1.8.RELEASE
	at org.eclipse.m2e.core.internal.embedder.MavenImpl.lambda$4(MavenImpl.java:801) ~[org.eclipse.m2e.core_1.12.0.20190529-1916.jar:na]
	at org.eclipse.m2e.core.internal.embedder.MavenExecutionContext.executeBare(MavenExecutionContext.java:177) ~[org.eclipse.m2e.core_1.12.0.20190529-1916.jar:na]
	at org.eclipse.m2e.core.internal.embedder.MavenExecutionContext.execute(MavenExecutionContext.java:112) ~[org.eclipse.m2e.core_1.12.0.20190529-1916.jar:na]
	at org.eclipse.m2e.core.internal.embedder.MavenExecutionContext.execute(MavenExecutionContext.java:99) ~[org.eclipse.m2e.core_1.12.0.20190529-1916.jar:na]
	at org.eclipse.m2e.core.internal.embedder.MavenImpl.resolve(MavenImpl.java:769) ~[org.eclipse.m2e.core_1.12.0.20190529-1916.jar:na]
	at org.eclipse.m2e.core.internal.embedder.MavenImpl.resolve(MavenImpl.java:746) ~[org.eclipse.m2e.core_1.12.0.20190529-1916.jar:na]
	at org.eclipse.m2e.jdt.internal.DownloadSourcesJob.download(DownloadSourcesJob.java:328) [org.eclipse.m2e.jdt_1.12.0.20190529-1916.jar:na]
	at org.eclipse.m2e.jdt.internal.DownloadSourcesJob.downloadAttachments(DownloadSourcesJob.java:302) [org.eclipse.m2e.jdt_1.12.0.20190529-1916.jar:na]
	at org.eclipse.m2e.jdt.internal.DownloadSourcesJob.downloadMaven(DownloadSourcesJob.java:267) [org.eclipse.m2e.jdt_1.12.0.20190529-1916.jar:na]
	at org.eclipse.m2e.jdt.internal.DownloadSourcesJob.downloadFilesAndPopulateToUpdate(DownloadSourcesJob.java:231) [org.eclipse.m2e.jdt_1.12.0.20190529-1916.jar:na]
	at org.eclipse.m2e.jdt.internal.DownloadSourcesJob.lambda$0(DownloadSourcesJob.java:159) [org.eclipse.m2e.jdt_1.12.0.20190529-1916.jar:na]
	at org.eclipse.m2e.core.internal.embedder.MavenExecutionContext.executeBare(MavenExecutionContext.java:177) ~[org.eclipse.m2e.core_1.12.0.20190529-1916.jar:na]
	at org.eclipse.m2e.core.internal.embedder.MavenExecutionContext.execute(MavenExecutionContext.java:151) ~[org.eclipse.m2e.core_1.12.0.20190529-1916.jar:na]
	at org.eclipse.m2e.core.internal.embedder.MavenExecutionContext.execute(MavenExecutionContext.java:99) ~[org.eclipse.m2e.core_1.12.0.20190529-1916.jar:na]
	at org.eclipse.m2e.core.internal.embedder.MavenImpl.execute(MavenImpl.java:1374) ~[org.eclipse.m2e.core_1.12.0.20190529-1916.jar:na]
	at org.eclipse.m2e.jdt.internal.DownloadSourcesJob.run(DownloadSourcesJob.java:159) [org.eclipse.m2e.jdt_1.12.0.20190529-1916.jar:na]
	at org.eclipse.core.internal.jobs.Worker.run(Worker.java:63) ~[org.eclipse.core.jobs_3.10.400.v20190506-1457.jar:na]
2019-09-18 15:20:23,734 [Worker-19: Download sources and javadoc] INFO  o.e.m.c.i.e.AbstractTransferListenerAdapter - Downloaded https://repo.maven.apache.org/maven2/org/springframework/boot/spring-boot-starter/2.1.8.RELEASE/spring-boot-starter-2.1.8.RELEASE-sources.jar
2019-09-18 15:20:23,750 [Worker-19: Download sources and javadoc] ERROR o.e.m.j.internal.DownloadSourcesJob - Could not download sources for org.springframework.boot:spring-boot-starter:2.1.8.RELEASE
org.eclipse.core.runtime.CoreException: Could not resolve artifact org.springframework.boot:spring-boot-starter:jar:sources:2.1.8.RELEASE
	at org.eclipse.m2e.core.internal.embedder.MavenImpl.lambda$4(MavenImpl.java:801) ~[org.eclipse.m2e.core_1.12.0.20190529-1916.jar:na]
	at org.eclipse.m2e.core.internal.embedder.MavenExecutionContext.executeBare(MavenExecutionContext.java:177) ~[org.eclipse.m2e.core_1.12.0.20190529-1916.jar:na]
	at org.eclipse.m2e.core.internal.embedder.MavenExecutionContext.execute(MavenExecutionContext.java:112) ~[org.eclipse.m2e.core_1.12.0.20190529-1916.jar:na]
	at org.eclipse.m2e.core.internal.embedder.MavenExecutionContext.execute(MavenExecutionContext.java:99) ~[org.eclipse.m2e.core_1.12.0.20190529-1916.jar:na]
	at org.eclipse.m2e.core.internal.embedder.MavenImpl.resolve(MavenImpl.java:769) ~[org.eclipse.m2e.core_1.12.0.20190529-1916.jar:na]
	at org.eclipse.m2e.core.internal.embedder.MavenImpl.resolve(MavenImpl.java:746) ~[org.eclipse.m2e.core_1.12.0.20190529-1916.jar:na]
	at org.eclipse.m2e.jdt.internal.DownloadSourcesJob.download(DownloadSourcesJob.java:328) [org.eclipse.m2e.jdt_1.12.0.20190529-1916.jar:na]
	at org.eclipse.m2e.jdt.internal.DownloadSourcesJob.downloadAttachments(DownloadSourcesJob.java:302) [org.eclipse.m2e.jdt_1.12.0.20190529-1916.jar:na]
	at org.eclipse.m2e.jdt.internal.DownloadSourcesJob.downloadMaven(DownloadSourcesJob.java:267) [org.eclipse.m2e.jdt_1.12.0.20190529-1916.jar:na]
	at org.eclipse.m2e.jdt.internal.DownloadSourcesJob.downloadFilesAndPopulateToUpdate(DownloadSourcesJob.java:231) [org.eclipse.m2e.jdt_1.12.0.20190529-1916.jar:na]
	at org.eclipse.m2e.jdt.internal.DownloadSourcesJob.lambda$0(DownloadSourcesJob.java:159) [org.eclipse.m2e.jdt_1.12.0.20190529-1916.jar:na]
	at org.eclipse.m2e.core.internal.embedder.MavenExecutionContext.executeBare(MavenExecutionContext.java:177) ~[org.eclipse.m2e.core_1.12.0.20190529-1916.jar:na]
	at org.eclipse.m2e.core.internal.embedder.MavenExecutionContext.execute(MavenExecutionContext.java:151) ~[org.eclipse.m2e.core_1.12.0.20190529-1916.jar:na]
	at org.eclipse.m2e.core.internal.embedder.MavenExecutionContext.execute(MavenExecutionContext.java:99) ~[org.eclipse.m2e.core_1.12.0.20190529-1916.jar:na]
	at org.eclipse.m2e.core.internal.embedder.MavenImpl.execute(MavenImpl.java:1374) ~[org.eclipse.m2e.core_1.12.0.20190529-1916.jar:na]
	at org.eclipse.m2e.jdt.internal.DownloadSourcesJob.run(DownloadSourcesJob.java:159) [org.eclipse.m2e.jdt_1.12.0.20190529-1916.jar:na]
	at org.eclipse.core.internal.jobs.Worker.run(Worker.java:63) ~[org.eclipse.core.jobs_3.10.400.v20190506-1457.jar:na]
2019-09-18 15:20:24,001 [Worker-19: Download sources and javadoc] INFO  o.e.m.c.i.e.AbstractTransferListenerAdapter - Downloaded https://repo.maven.apache.org/maven2/org/springframework/boot/spring-boot-starter-logging/2.1.8.RELEASE/spring-boot-starter-logging-2.1.8.RELEASE-sources.jar
2019-09-18 15:20:24,017 [Worker-19: Download sources and javadoc] ERROR o.e.m.j.internal.DownloadSourcesJob - Could not download sources for org.springframework.boot:spring-boot-starter-logging:2.1.8.RELEASE
org.eclipse.core.runtime.CoreException: Could not resolve artifact org.springframework.boot:spring-boot-starter-logging:jar:sources:2.1.8.RELEASE
	at org.eclipse.m2e.core.internal.embedder.MavenImpl.lambda$4(MavenImpl.java:801) ~[org.eclipse.m2e.core_1.12.0.20190529-1916.jar:na]
	at org.eclipse.m2e.core.internal.embedder.MavenExecutionContext.executeBare(MavenExecutionContext.java:177) ~[org.eclipse.m2e.core_1.12.0.20190529-1916.jar:na]
	at org.eclipse.m2e.core.internal.embedder.MavenExecutionContext.execute(MavenExecutionContext.java:112) ~[org.eclipse.m2e.core_1.12.0.20190529-1916.jar:na]
	at org.eclipse.m2e.core.internal.embedder.MavenExecutionContext.execute(MavenExecutionContext.java:99) ~[org.eclipse.m2e.core_1.12.0.20190529-1916.jar:na]
	at org.eclipse.m2e.core.internal.embedder.MavenImpl.resolve(MavenImpl.java:769) ~[org.eclipse.m2e.core_1.12.0.20190529-1916.jar:na]
	at org.eclipse.m2e.core.internal.embedder.MavenImpl.resolve(MavenImpl.java:746) ~[org.eclipse.m2e.core_1.12.0.20190529-1916.jar:na]
	at org.eclipse.m2e.jdt.internal.DownloadSourcesJob.download(DownloadSourcesJob.java:328) [org.eclipse.m2e.jdt_1.12.0.20190529-1916.jar:na]
	at org.eclipse.m2e.jdt.internal.DownloadSourcesJob.downloadAttachments(DownloadSourcesJob.java:302) [org.eclipse.m2e.jdt_1.12.0.20190529-1916.jar:na]
	at org.eclipse.m2e.jdt.internal.DownloadSourcesJob.downloadMaven(DownloadSourcesJob.java:267) [org.eclipse.m2e.jdt_1.12.0.20190529-1916.jar:na]
	at org.eclipse.m2e.jdt.internal.DownloadSourcesJob.downloadFilesAndPopulateToUpdate(DownloadSourcesJob.java:231) [org.eclipse.m2e.jdt_1.12.0.20190529-1916.jar:na]
	at org.eclipse.m2e.jdt.internal.DownloadSourcesJob.lambda$0(DownloadSourcesJob.java:159) [org.eclipse.m2e.jdt_1.12.0.20190529-1916.jar:na]
	at org.eclipse.m2e.core.internal.embedder.MavenExecutionContext.executeBare(MavenExecutionContext.java:177) ~[org.eclipse.m2e.core_1.12.0.20190529-1916.jar:na]
	at org.eclipse.m2e.core.internal.embedder.MavenExecutionContext.execute(MavenExecutionContext.java:151) ~[org.eclipse.m2e.core_1.12.0.20190529-1916.jar:na]
	at org.eclipse.m2e.core.internal.embedder.MavenExecutionContext.execute(MavenExecutionContext.java:99) ~[org.eclipse.m2e.core_1.12.0.20190529-1916.jar:na]
	at org.eclipse.m2e.core.internal.embedder.MavenImpl.execute(MavenImpl.java:1374) ~[org.eclipse.m2e.core_1.12.0.20190529-1916.jar:na]
	at org.eclipse.m2e.jdt.internal.DownloadSourcesJob.run(DownloadSourcesJob.java:159) [org.eclipse.m2e.jdt_1.12.0.20190529-1916.jar:na]
	at org.eclipse.core.internal.jobs.Worker.run(Worker.java:63) ~[org.eclipse.core.jobs_3.10.400.v20190506-1457.jar:na]
2019-09-18 15:20:24,345 [Worker-19: Download sources and javadoc] INFO  o.e.m.c.i.e.AbstractTransferListenerAdapter - Downloading https://repo.maven.apache.org/maven2/org/slf4j/jul-to-slf4j/1.7.28/jul-to-slf4j-1.7.28-sources.jar
2019-09-18 15:20:24,423 [Worker-19: Download sources and javadoc] INFO  o.e.m.c.i.e.AbstractTransferListenerAdapter - Downloaded https://repo.maven.apache.org/maven2/org/slf4j/jul-to-slf4j/1.7.28/jul-to-slf4j-1.7.28-sources.jar
2019-09-18 15:20:24,470 [Worker-19: Download sources and javadoc] INFO  o.e.m.j.internal.DownloadSourcesJob - Downloaded sources for org.slf4j:jul-to-slf4j:1.7.28
2019-09-18 15:20:24,751 [Worker-19: Download sources and javadoc] INFO  o.e.m.c.i.e.AbstractTransferListenerAdapter - Downloading https://repo.maven.apache.org/maven2/org/slf4j/slf4j-api/1.7.28/slf4j-api-1.7.28-sources.jar
2019-09-18 15:20:24,923 [Worker-19: Download sources and javadoc] INFO  o.e.m.c.i.e.AbstractTransferListenerAdapter - Downloaded https://repo.maven.apache.org/maven2/org/slf4j/slf4j-api/1.7.28/slf4j-api-1.7.28-sources.jar
2019-09-18 15:20:24,970 [Worker-19: Download sources and javadoc] INFO  o.e.m.j.internal.DownloadSourcesJob - Downloaded sources for org.slf4j:slf4j-api:1.7.28
2019-09-18 15:20:25,205 [Worker-19: Download sources and javadoc] INFO  o.e.m.c.i.e.AbstractTransferListenerAdapter - Downloaded https://repo.maven.apache.org/maven2/org/springframework/boot/spring-boot-starter-web/2.1.8.RELEASE/spring-boot-starter-web-2.1.8.RELEASE-sources.jar
2019-09-18 15:20:25,220 [Worker-19: Download sources and javadoc] ERROR o.e.m.j.internal.DownloadSourcesJob - Could not download sources for org.springframework.boot:spring-boot-starter-web:2.1.8.RELEASE
org.eclipse.core.runtime.CoreException: Could not resolve artifact org.springframework.boot:spring-boot-starter-web:jar:sources:2.1.8.RELEASE
	at org.eclipse.m2e.core.internal.embedder.MavenImpl.lambda$4(MavenImpl.java:801) ~[org.eclipse.m2e.core_1.12.0.20190529-1916.jar:na]
	at org.eclipse.m2e.core.internal.embedder.MavenExecutionContext.executeBare(MavenExecutionContext.java:177) ~[org.eclipse.m2e.core_1.12.0.20190529-1916.jar:na]
	at org.eclipse.m2e.core.internal.embedder.MavenExecutionContext.execute(MavenExecutionContext.java:112) ~[org.eclipse.m2e.core_1.12.0.20190529-1916.jar:na]
	at org.eclipse.m2e.core.internal.embedder.MavenExecutionContext.execute(MavenExecutionContext.java:99) ~[org.eclipse.m2e.core_1.12.0.20190529-1916.jar:na]
	at org.eclipse.m2e.core.internal.embedder.MavenImpl.resolve(MavenImpl.java:769) ~[org.eclipse.m2e.core_1.12.0.20190529-1916.jar:na]
	at org.eclipse.m2e.core.internal.embedder.MavenImpl.resolve(MavenImpl.java:746) ~[org.eclipse.m2e.core_1.12.0.20190529-1916.jar:na]
	at org.eclipse.m2e.jdt.internal.DownloadSourcesJob.download(DownloadSourcesJob.java:328) [org.eclipse.m2e.jdt_1.12.0.20190529-1916.jar:na]
	at org.eclipse.m2e.jdt.internal.DownloadSourcesJob.downloadAttachments(DownloadSourcesJob.java:302) [org.eclipse.m2e.jdt_1.12.0.20190529-1916.jar:na]
	at org.eclipse.m2e.jdt.internal.DownloadSourcesJob.downloadMaven(DownloadSourcesJob.java:267) [org.eclipse.m2e.jdt_1.12.0.20190529-1916.jar:na]
	at org.eclipse.m2e.jdt.internal.DownloadSourcesJob.downloadFilesAndPopulateToUpdate(DownloadSourcesJob.java:231) [org.eclipse.m2e.jdt_1.12.0.20190529-1916.jar:na]
	at org.eclipse.m2e.jdt.internal.DownloadSourcesJob.lambda$0(DownloadSourcesJob.java:159) [org.eclipse.m2e.jdt_1.12.0.20190529-1916.jar:na]
	at org.eclipse.m2e.core.internal.embedder.MavenExecutionContext.executeBare(MavenExecutionContext.java:177) ~[org.eclipse.m2e.core_1.12.0.20190529-1916.jar:na]
	at org.eclipse.m2e.core.internal.embedder.MavenExecutionContext.execute(MavenExecutionContext.java:151) ~[org.eclipse.m2e.core_1.12.0.20190529-1916.jar:na]
	at org.eclipse.m2e.core.internal.embedder.MavenExecutionContext.execute(MavenExecutionContext.java:99) ~[org.eclipse.m2e.core_1.12.0.20190529-1916.jar:na]
	at org.eclipse.m2e.core.internal.embedder.MavenImpl.execute(MavenImpl.java:1374) ~[org.eclipse.m2e.core_1.12.0.20190529-1916.jar:na]
	at org.eclipse.m2e.jdt.internal.DownloadSourcesJob.run(DownloadSourcesJob.java:159) [org.eclipse.m2e.jdt_1.12.0.20190529-1916.jar:na]
	at org.eclipse.core.internal.jobs.Worker.run(Worker.java:63) ~[org.eclipse.core.jobs_3.10.400.v20190506-1457.jar:na]
2019-09-18 15:20:25,470 [Worker-19: Download sources and javadoc] INFO  o.e.m.c.i.e.AbstractTransferListenerAdapter - Downloaded https://repo.maven.apache.org/maven2/org/springframework/boot/spring-boot-starter-json/2.1.8.RELEASE/spring-boot-starter-json-2.1.8.RELEASE-sources.jar
2019-09-18 15:20:25,470 [Worker-19: Download sources and javadoc] ERROR o.e.m.j.internal.DownloadSourcesJob - Could not download sources for org.springframework.boot:spring-boot-starter-json:2.1.8.RELEASE
org.eclipse.core.runtime.CoreException: Could not resolve artifact org.springframework.boot:spring-boot-starter-json:jar:sources:2.1.8.RELEASE
	at org.eclipse.m2e.core.internal.embedder.MavenImpl.lambda$4(MavenImpl.java:801) ~[org.eclipse.m2e.core_1.12.0.20190529-1916.jar:na]
	at org.eclipse.m2e.core.internal.embedder.MavenExecutionContext.executeBare(MavenExecutionContext.java:177) ~[org.eclipse.m2e.core_1.12.0.20190529-1916.jar:na]
	at org.eclipse.m2e.core.internal.embedder.MavenExecutionContext.execute(MavenExecutionContext.java:112) ~[org.eclipse.m2e.core_1.12.0.20190529-1916.jar:na]
	at org.eclipse.m2e.core.internal.embedder.MavenExecutionContext.execute(MavenExecutionContext.java:99) ~[org.eclipse.m2e.core_1.12.0.20190529-1916.jar:na]
	at org.eclipse.m2e.core.internal.embedder.MavenImpl.resolve(MavenImpl.java:769) ~[org.eclipse.m2e.core_1.12.0.20190529-1916.jar:na]
	at org.eclipse.m2e.core.internal.embedder.MavenImpl.resolve(MavenImpl.java:746) ~[org.eclipse.m2e.core_1.12.0.20190529-1916.jar:na]
	at org.eclipse.m2e.jdt.internal.DownloadSourcesJob.download(DownloadSourcesJob.java:328) [org.eclipse.m2e.jdt_1.12.0.20190529-1916.jar:na]
	at org.eclipse.m2e.jdt.internal.DownloadSourcesJob.downloadAttachments(DownloadSourcesJob.java:302) [org.eclipse.m2e.jdt_1.12.0.20190529-1916.jar:na]
	at org.eclipse.m2e.jdt.internal.DownloadSourcesJob.downloadMaven(DownloadSourcesJob.java:267) [org.eclipse.m2e.jdt_1.12.0.20190529-1916.jar:na]
	at org.eclipse.m2e.jdt.internal.DownloadSourcesJob.downloadFilesAndPopulateToUpdate(DownloadSourcesJob.java:231) [org.eclipse.m2e.jdt_1.12.0.20190529-1916.jar:na]
	at org.eclipse.m2e.jdt.internal.DownloadSourcesJob.lambda$0(DownloadSourcesJob.java:159) [org.eclipse.m2e.jdt_1.12.0.20190529-1916.jar:na]
	at org.eclipse.m2e.core.internal.embedder.MavenExecutionContext.executeBare(MavenExecutionContext.java:177) ~[org.eclipse.m2e.core_1.12.0.20190529-1916.jar:na]
	at org.eclipse.m2e.core.internal.embedder.MavenExecutionContext.execute(MavenExecutionContext.java:151) ~[org.eclipse.m2e.core_1.12.0.20190529-1916.jar:na]
	at org.eclipse.m2e.core.internal.embedder.MavenExecutionContext.execute(MavenExecutionContext.java:99) ~[org.eclipse.m2e.core_1.12.0.20190529-1916.jar:na]
	at org.eclipse.m2e.core.internal.embedder.MavenImpl.execute(MavenImpl.java:1374) ~[org.eclipse.m2e.core_1.12.0.20190529-1916.jar:na]
	at org.eclipse.m2e.jdt.internal.DownloadSourcesJob.run(DownloadSourcesJob.java:159) [org.eclipse.m2e.jdt_1.12.0.20190529-1916.jar:na]
	at org.eclipse.core.internal.jobs.Worker.run(Worker.java:63) ~[org.eclipse.core.jobs_3.10.400.v20190506-1457.jar:na]
2019-09-18 15:20:25,720 [Worker-19: Download sources and javadoc] INFO  o.e.m.c.i.e.AbstractTransferListenerAdapter - Downloaded https://repo.maven.apache.org/maven2/org/springframework/boot/spring-boot-starter-tomcat/2.1.8.RELEASE/spring-boot-starter-tomcat-2.1.8.RELEASE-sources.jar
2019-09-18 15:20:25,736 [Worker-19: Download sources and javadoc] ERROR o.e.m.j.internal.DownloadSourcesJob - Could not download sources for org.springframework.boot:spring-boot-starter-tomcat:2.1.8.RELEASE
org.eclipse.core.runtime.CoreException: Could not resolve artifact org.springframework.boot:spring-boot-starter-tomcat:jar:sources:2.1.8.RELEASE
	at org.eclipse.m2e.core.internal.embedder.MavenImpl.lambda$4(MavenImpl.java:801) ~[org.eclipse.m2e.core_1.12.0.20190529-1916.jar:na]
	at org.eclipse.m2e.core.internal.embedder.MavenExecutionContext.executeBare(MavenExecutionContext.java:177) ~[org.eclipse.m2e.core_1.12.0.20190529-1916.jar:na]
	at org.eclipse.m2e.core.internal.embedder.MavenExecutionContext.execute(MavenExecutionContext.java:112) ~[org.eclipse.m2e.core_1.12.0.20190529-1916.jar:na]
	at org.eclipse.m2e.core.internal.embedder.MavenExecutionContext.execute(MavenExecutionContext.java:99) ~[org.eclipse.m2e.core_1.12.0.20190529-1916.jar:na]
	at org.eclipse.m2e.core.internal.embedder.MavenImpl.resolve(MavenImpl.java:769) ~[org.eclipse.m2e.core_1.12.0.20190529-1916.jar:na]
	at org.eclipse.m2e.core.internal.embedder.MavenImpl.resolve(MavenImpl.java:746) ~[org.eclipse.m2e.core_1.12.0.20190529-1916.jar:na]
	at org.eclipse.m2e.jdt.internal.DownloadSourcesJob.download(DownloadSourcesJob.java:328) [org.eclipse.m2e.jdt_1.12.0.20190529-1916.jar:na]
	at org.eclipse.m2e.jdt.internal.DownloadSourcesJob.downloadAttachments(DownloadSourcesJob.java:302) [org.eclipse.m2e.jdt_1.12.0.20190529-1916.jar:na]
	at org.eclipse.m2e.jdt.internal.DownloadSourcesJob.downloadMaven(DownloadSourcesJob.java:267) [org.eclipse.m2e.jdt_1.12.0.20190529-1916.jar:na]
	at org.eclipse.m2e.jdt.internal.DownloadSourcesJob.downloadFilesAndPopulateToUpdate(DownloadSourcesJob.java:231) [org.eclipse.m2e.jdt_1.12.0.20190529-1916.jar:na]
	at org.eclipse.m2e.jdt.internal.DownloadSourcesJob.lambda$0(DownloadSourcesJob.java:159) [org.eclipse.m2e.jdt_1.12.0.20190529-1916.jar:na]
	at org.eclipse.m2e.core.internal.embedder.MavenExecutionContext.executeBare(MavenExecutionContext.java:177) ~[org.eclipse.m2e.core_1.12.0.20190529-1916.jar:na]
	at org.eclipse.m2e.core.internal.embedder.MavenExecutionContext.execute(MavenExecutionContext.java:151) ~[org.eclipse.m2e.core_1.12.0.20190529-1916.jar:na]
	at org.eclipse.m2e.core.internal.embedder.MavenExecutionContext.execute(MavenExecutionContext.java:99) ~[org.eclipse.m2e.core_1.12.0.20190529-1916.jar:na]
	at org.eclipse.m2e.core.internal.embedder.MavenImpl.execute(MavenImpl.java:1374) ~[org.eclipse.m2e.core_1.12.0.20190529-1916.jar:na]
	at org.eclipse.m2e.jdt.internal.DownloadSourcesJob.run(DownloadSourcesJob.java:159) [org.eclipse.m2e.jdt_1.12.0.20190529-1916.jar:na]
	at org.eclipse.core.internal.jobs.Worker.run(Worker.java:63) ~[org.eclipse.core.jobs_3.10.400.v20190506-1457.jar:na]
2019-09-18 15:20:25,986 [Worker-19: Download sources and javadoc] INFO  o.e.m.c.i.e.AbstractTransferListenerAdapter - Downloading https://repo.maven.apache.org/maven2/org/apache/tomcat/embed/tomcat-embed-core/9.0.24/tomcat-embed-core-9.0.24-sources.jar
2019-09-18 15:20:28,860 [Worker-19: Download sources and javadoc] INFO  o.e.m.c.i.e.AbstractTransferListenerAdapter - Downloaded https://repo.maven.apache.org/maven2/org/apache/tomcat/embed/tomcat-embed-core/9.0.24/tomcat-embed-core-9.0.24-sources.jar
2019-09-18 15:20:28,920 [Worker-19: Download sources and javadoc] INFO  o.e.m.j.internal.DownloadSourcesJob - Downloaded sources for org.apache.tomcat.embed:tomcat-embed-core:9.0.24
2019-09-18 15:20:29,169 [Worker-19: Download sources and javadoc] INFO  o.e.m.c.i.e.AbstractTransferListenerAdapter - Downloading https://repo.maven.apache.org/maven2/org/apache/tomcat/embed/tomcat-embed-el/9.0.24/tomcat-embed-el-9.0.24-sources.jar
2019-09-18 15:20:29,446 [Worker-19: Download sources and javadoc] INFO  o.e.m.c.i.e.AbstractTransferListenerAdapter - Downloaded https://repo.maven.apache.org/maven2/org/apache/tomcat/embed/tomcat-embed-el/9.0.24/tomcat-embed-el-9.0.24-sources.jar
2019-09-18 15:20:29,515 [Worker-19: Download sources and javadoc] INFO  o.e.m.j.internal.DownloadSourcesJob - Downloaded sources for org.apache.tomcat.embed:tomcat-embed-el:9.0.24
2019-09-18 15:20:29,567 [Worker-12: Importing Maven projects] INFO  o.e.m.c.i.p.ProjectConfigurationManager - Imported and configured 1 project(s) in 35 sec
2019-09-18 15:20:29,738 [Worker-22: Auto share git projects] WARN  org.eclipse.jgit.util.FS - C:\Program Files\Git\mingw64\etc\.probe-d350e4e0-9e02-4f7d-bf84-26ac2f5d4610
java.nio.file.AccessDeniedException: C:\Program Files\Git\mingw64\etc\.probe-d350e4e0-9e02-4f7d-bf84-26ac2f5d4610
	at sun.nio.fs.WindowsException.translateToIOException(Unknown Source) ~[na:1.8.0_221]
	at sun.nio.fs.WindowsException.rethrowAsIOException(Unknown Source) ~[na:1.8.0_221]
	at sun.nio.fs.WindowsException.rethrowAsIOException(Unknown Source) ~[na:1.8.0_221]
	at sun.nio.fs.WindowsFileSystemProvider.newByteChannel(Unknown Source) ~[na:1.8.0_221]
	at java.nio.file.Files.newByteChannel(Unknown Source) ~[na:1.8.0_221]
	at java.nio.file.Files.createFile(Unknown Source) ~[na:1.8.0_221]
	at org.eclipse.jgit.util.FS$FileStoreAttributeCache.<init>(FS.java:234) ~[org.eclipse.jgit_5.4.0.201906121030-r.jar:5.4.0.201906121030-r]
	at org.eclipse.jgit.util.FS$FileStoreAttributeCache.getFsTimestampResolution(FS.java:211) ~[org.eclipse.jgit_5.4.0.201906121030-r.jar:5.4.0.201906121030-r]
	at org.eclipse.jgit.util.FS.getFsTimerResolution(FS.java:321) [org.eclipse.jgit_5.4.0.201906121030-r.jar:5.4.0.201906121030-r]
	at org.eclipse.jgit.internal.storage.file.FileSnapshot.<init>(FileSnapshot.java:186) [org.eclipse.jgit_5.4.0.201906121030-r.jar:5.4.0.201906121030-r]
	at org.eclipse.jgit.internal.storage.file.FileSnapshot.save(FileSnapshot.java:122) [org.eclipse.jgit_5.4.0.201906121030-r.jar:5.4.0.201906121030-r]
	at org.eclipse.jgit.storage.file.FileBasedConfig.load(FileBasedConfig.java:156) [org.eclipse.jgit_5.4.0.201906121030-r.jar:5.4.0.201906121030-r]
	at org.eclipse.jgit.internal.storage.file.FileRepository.loadSystemConfig(FileRepository.java:245) [org.eclipse.jgit_5.4.0.201906121030-r.jar:5.4.0.201906121030-r]
	at org.eclipse.jgit.internal.storage.file.FileRepository.<init>(FileRepository.java:203) [org.eclipse.jgit_5.4.0.201906121030-r.jar:5.4.0.201906121030-r]
	at org.eclipse.jgit.storage.file.FileRepositoryBuilder.build(FileRepositoryBuilder.java:88) [org.eclipse.jgit_5.4.0.201906121030-r.jar:5.4.0.201906121030-r]
	at org.eclipse.jgit.storage.file.FileRepositoryBuilder.create(FileRepositoryBuilder.java:108) [org.eclipse.jgit_5.4.0.201906121030-r.jar:5.4.0.201906121030-r]
	at org.eclipse.egit.core.RepositoryCache.lookupRepository(RepositoryCache.java:58) [org.eclipse.egit.core_5.4.0.201906121030-r.jar:na]
	at org.eclipse.egit.core.project.GitProjectData.map(GitProjectData.java:693) [org.eclipse.egit.core_5.4.0.201906121030-r.jar:na]
	at org.eclipse.egit.core.project.GitProjectData.remapAll(GitProjectData.java:651) [org.eclipse.egit.core_5.4.0.201906121030-r.jar:na]
	at org.eclipse.egit.core.project.GitProjectData.setRepositoryMappings(GitProjectData.java:465) [org.eclipse.egit.core_5.4.0.201906121030-r.jar:na]
	at org.eclipse.egit.core.op.ConnectProviderOperation.connectProject(ConnectProviderOperation.java:153) [org.eclipse.egit.core_5.4.0.201906121030-r.jar:na]
	at org.eclipse.egit.core.op.ConnectProviderOperation.execute(ConnectProviderOperation.java:111) [org.eclipse.egit.core_5.4.0.201906121030-r.jar:na]
	at org.eclipse.egit.core.internal.job.JobUtil$1.run(JobUtil.java:55) [org.eclipse.egit.core_5.4.0.201906121030-r.jar:na]
	at org.eclipse.core.internal.jobs.Worker.run(Worker.java:63) [org.eclipse.core.jobs_3.10.400.v20190506-1457.jar:na]
2019-09-18 15:20:29,764 [Worker-19: Download sources and javadoc] INFO  o.e.m.c.i.e.AbstractTransferListenerAdapter - Downloading https://repo.maven.apache.org/maven2/org/apache/tomcat/embed/tomcat-embed-websocket/9.0.24/tomcat-embed-websocket-9.0.24-sources.jar
2019-09-18 15:20:30,043 [Worker-19: Download sources and javadoc] INFO  o.e.m.c.i.e.AbstractTransferListenerAdapter - Downloaded https://repo.maven.apache.org/maven2/org/apache/tomcat/embed/tomcat-embed-websocket/9.0.24/tomcat-embed-websocket-9.0.24-sources.jar
2019-09-18 15:20:30,204 [Worker-19: Download sources and javadoc] INFO  o.e.m.j.internal.DownloadSourcesJob - Downloaded sources for org.apache.tomcat.embed:tomcat-embed-websocket:9.0.24
2019-09-18 15:20:30,452 [Worker-19: Download sources and javadoc] INFO  o.e.m.c.i.e.AbstractTransferListenerAdapter - Downloading https://repo.maven.apache.org/maven2/org/jboss/logging/jboss-logging/3.3.3.Final/jboss-logging-3.3.3.Final-sources.jar
2019-09-18 15:20:30,619 [Worker-19: Download sources and javadoc] INFO  o.e.m.c.i.e.AbstractTransferListenerAdapter - Downloaded https://repo.maven.apache.org/maven2/org/jboss/logging/jboss-logging/3.3.3.Final/jboss-logging-3.3.3.Final-sources.jar
2019-09-18 15:20:30,667 [Worker-19: Download sources and javadoc] INFO  o.e.m.j.internal.DownloadSourcesJob - Downloaded sources for org.jboss.logging:jboss-logging:3.3.3.Final
2019-09-18 15:20:30,910 [Worker-19: Download sources and javadoc] INFO  o.e.m.c.i.e.AbstractTransferListenerAdapter - Downloading https://repo.maven.apache.org/maven2/org/springframework/boot/spring-boot-devtools/2.1.8.RELEASE/spring-boot-devtools-2.1.8.RELEASE-sources.jar
2019-09-18 15:20:31,160 [Worker-19: Download sources and javadoc] INFO  o.e.m.c.i.e.AbstractTransferListenerAdapter - Downloaded https://repo.maven.apache.org/maven2/org/springframework/boot/spring-boot-devtools/2.1.8.RELEASE/spring-boot-devtools-2.1.8.RELEASE-sources.jar
2019-09-18 15:20:31,269 [Worker-19: Download sources and javadoc] INFO  o.e.m.j.internal.DownloadSourcesJob - Downloaded sources for org.springframework.boot:spring-boot-devtools:2.1.8.RELEASE
2019-09-18 15:20:31,300 [Worker-11: Building workspace] INFO  o.e.m.c.i.embedder.EclipseLogger - Using 'UTF-8' encoding to copy filtered resources.
2019-09-18 15:20:31,300 [Worker-11: Building workspace] INFO  o.e.m.c.i.embedder.EclipseLogger - Copying 1 resource
2019-09-18 15:20:31,316 [Worker-11: Building workspace] INFO  o.e.m.c.i.embedder.EclipseLogger - Copying 0 resource
2019-09-18 15:20:31,316 [Worker-11: Building workspace] INFO  o.e.m.c.i.embedder.EclipseLogger - Using 'UTF-8' encoding to copy filtered resources.
2019-09-18 15:20:31,316 [Worker-11: Building workspace] INFO  o.e.m.c.i.embedder.EclipseLogger - skip non existing resourceDirectory E:\raceGenerator\RaceGenerator\src\test\resources
2019-09-18 15:20:31,535 [Worker-19: Download sources and javadoc] INFO  o.e.m.c.i.e.AbstractTransferListenerAdapter - Downloading https://repo.maven.apache.org/maven2/org/springframework/boot/spring-boot/2.1.8.RELEASE/spring-boot-2.1.8.RELEASE-sources.jar
2019-09-18 15:20:32,175 [Worker-19: Download sources and javadoc] INFO  o.e.m.c.i.e.AbstractTransferListenerAdapter - Downloaded https://repo.maven.apache.org/maven2/org/springframework/boot/spring-boot/2.1.8.RELEASE/spring-boot-2.1.8.RELEASE-sources.jar
2019-09-18 15:20:32,238 [Worker-19: Download sources and javadoc] INFO  o.e.m.j.internal.DownloadSourcesJob - Downloaded sources for org.springframework.boot:spring-boot:2.1.8.RELEASE
2019-09-18 15:20:32,488 [Worker-19: Download sources and javadoc] INFO  o.e.m.c.i.e.AbstractTransferListenerAdapter - Downloading https://repo.maven.apache.org/maven2/org/springframework/boot/spring-boot-autoconfigure/2.1.8.RELEASE/spring-boot-autoconfigure-2.1.8.RELEASE-sources.jar
2019-09-18 15:20:33,300 [Worker-19: Download sources and javadoc] INFO  o.e.m.c.i.e.AbstractTransferListenerAdapter - Downloaded https://repo.maven.apache.org/maven2/org/springframework/boot/spring-boot-autoconfigure/2.1.8.RELEASE/spring-boot-autoconfigure-2.1.8.RELEASE-sources.jar
2019-09-18 15:20:33,347 [Worker-19: Download sources and javadoc] INFO  o.e.m.j.internal.DownloadSourcesJob - Downloaded sources for org.springframework.boot:spring-boot-autoconfigure:2.1.8.RELEASE
2019-09-18 15:20:33,597 [Worker-19: Download sources and javadoc] INFO  o.e.m.c.i.e.AbstractTransferListenerAdapter - Downloaded https://repo.maven.apache.org/maven2/org/springframework/boot/spring-boot-starter-test/2.1.8.RELEASE/spring-boot-starter-test-2.1.8.RELEASE-sources.jar
2019-09-18 15:20:33,597 [Worker-19: Download sources and javadoc] ERROR o.e.m.j.internal.DownloadSourcesJob - Could not download sources for org.springframework.boot:spring-boot-starter-test:2.1.8.RELEASE
org.eclipse.core.runtime.CoreException: Could not resolve artifact org.springframework.boot:spring-boot-starter-test:jar:sources:2.1.8.RELEASE
	at org.eclipse.m2e.core.internal.embedder.MavenImpl.lambda$4(MavenImpl.java:801) ~[org.eclipse.m2e.core_1.12.0.20190529-1916.jar:na]
	at org.eclipse.m2e.core.internal.embedder.MavenExecutionContext.executeBare(MavenExecutionContext.java:177) ~[org.eclipse.m2e.core_1.12.0.20190529-1916.jar:na]
	at org.eclipse.m2e.core.internal.embedder.MavenExecutionContext.execute(MavenExecutionContext.java:112) ~[org.eclipse.m2e.core_1.12.0.20190529-1916.jar:na]
	at org.eclipse.m2e.core.internal.embedder.MavenExecutionContext.execute(MavenExecutionContext.java:99) ~[org.eclipse.m2e.core_1.12.0.20190529-1916.jar:na]
	at org.eclipse.m2e.core.internal.embedder.MavenImpl.resolve(MavenImpl.java:769) ~[org.eclipse.m2e.core_1.12.0.20190529-1916.jar:na]
	at org.eclipse.m2e.core.internal.embedder.MavenImpl.resolve(MavenImpl.java:746) ~[org.eclipse.m2e.core_1.12.0.20190529-1916.jar:na]
	at org.eclipse.m2e.jdt.internal.DownloadSourcesJob.download(DownloadSourcesJob.java:328) [org.eclipse.m2e.jdt_1.12.0.20190529-1916.jar:na]
	at org.eclipse.m2e.jdt.internal.DownloadSourcesJob.downloadAttachments(DownloadSourcesJob.java:302) [org.eclipse.m2e.jdt_1.12.0.20190529-1916.jar:na]
	at org.eclipse.m2e.jdt.internal.DownloadSourcesJob.downloadMaven(DownloadSourcesJob.java:267) [org.eclipse.m2e.jdt_1.12.0.20190529-1916.jar:na]
	at org.eclipse.m2e.jdt.internal.DownloadSourcesJob.downloadFilesAndPopulateToUpdate(DownloadSourcesJob.java:231) [org.eclipse.m2e.jdt_1.12.0.20190529-1916.jar:na]
	at org.eclipse.m2e.jdt.internal.DownloadSourcesJob.lambda$0(DownloadSourcesJob.java:159) [org.eclipse.m2e.jdt_1.12.0.20190529-1916.jar:na]
	at org.eclipse.m2e.core.internal.embedder.MavenExecutionContext.executeBare(MavenExecutionContext.java:177) ~[org.eclipse.m2e.core_1.12.0.20190529-1916.jar:na]
	at org.eclipse.m2e.core.internal.embedder.MavenExecutionContext.execute(MavenExecutionContext.java:151) ~[org.eclipse.m2e.core_1.12.0.20190529-1916.jar:na]
	at org.eclipse.m2e.core.internal.embedder.MavenExecutionContext.execute(MavenExecutionContext.java:99) ~[org.eclipse.m2e.core_1.12.0.20190529-1916.jar:na]
	at org.eclipse.m2e.core.internal.embedder.MavenImpl.execute(MavenImpl.java:1374) ~[org.eclipse.m2e.core_1.12.0.20190529-1916.jar:na]
	at org.eclipse.m2e.jdt.internal.DownloadSourcesJob.run(DownloadSourcesJob.java:159) [org.eclipse.m2e.jdt_1.12.0.20190529-1916.jar:na]
	at org.eclipse.core.internal.jobs.Worker.run(Worker.java:63) ~[org.eclipse.core.jobs_3.10.400.v20190506-1457.jar:na]
2019-09-18 15:20:33,847 [Worker-19: Download sources and javadoc] INFO  o.e.m.c.i.e.AbstractTransferListenerAdapter - Downloading https://repo.maven.apache.org/maven2/org/springframework/boot/spring-boot-test/2.1.8.RELEASE/spring-boot-test-2.1.8.RELEASE-sources.jar
2019-09-18 15:20:34,129 [Worker-19: Download sources and javadoc] INFO  o.e.m.c.i.e.AbstractTransferListenerAdapter - Downloaded https://repo.maven.apache.org/maven2/org/springframework/boot/spring-boot-test/2.1.8.RELEASE/spring-boot-test-2.1.8.RELEASE-sources.jar
2019-09-18 15:20:34,176 [Worker-19: Download sources and javadoc] INFO  o.e.m.j.internal.DownloadSourcesJob - Downloaded sources for org.springframework.boot:spring-boot-test:2.1.8.RELEASE
2019-09-18 15:20:34,441 [Worker-19: Download sources and javadoc] INFO  o.e.m.c.i.e.AbstractTransferListenerAdapter - Downloading https://repo.maven.apache.org/maven2/org/springframework/boot/spring-boot-test-autoconfigure/2.1.8.RELEASE/spring-boot-test-autoconfigure-2.1.8.RELEASE-sources.jar
2019-09-18 15:20:34,676 [Worker-19: Download sources and javadoc] INFO  o.e.m.c.i.e.AbstractTransferListenerAdapter - Downloaded https://repo.maven.apache.org/maven2/org/springframework/boot/spring-boot-test-autoconfigure/2.1.8.RELEASE/spring-boot-test-autoconfigure-2.1.8.RELEASE-sources.jar
2019-09-18 15:20:34,723 [Worker-19: Download sources and javadoc] INFO  o.e.m.j.internal.DownloadSourcesJob - Downloaded sources for org.springframework.boot:spring-boot-test-autoconfigure:2.1.8.RELEASE
2019-09-18 15:20:34,984 [Worker-19: Download sources and javadoc] INFO  o.e.m.c.i.e.AbstractTransferListenerAdapter - Downloaded https://repo.maven.apache.org/maven2/org/springframework/boot/spring-boot-starter-thymeleaf/2.1.8.RELEASE/spring-boot-starter-thymeleaf-2.1.8.RELEASE-javadoc.jar
2019-09-18 15:20:34,987 [Worker-19: Download sources and javadoc] ERROR o.e.m.j.internal.DownloadSourcesJob - Could not download javadoc for org.springframework.boot:spring-boot-starter-thymeleaf:2.1.8.RELEASE
org.eclipse.core.runtime.CoreException: Could not resolve artifact org.springframework.boot:spring-boot-starter-thymeleaf:jar:javadoc:2.1.8.RELEASE
	at org.eclipse.m2e.core.internal.embedder.MavenImpl.lambda$4(MavenImpl.java:801) ~[org.eclipse.m2e.core_1.12.0.20190529-1916.jar:na]
	at org.eclipse.m2e.core.internal.embedder.MavenExecutionContext.executeBare(MavenExecutionContext.java:177) ~[org.eclipse.m2e.core_1.12.0.20190529-1916.jar:na]
	at org.eclipse.m2e.core.internal.embedder.MavenExecutionContext.execute(MavenExecutionContext.java:112) ~[org.eclipse.m2e.core_1.12.0.20190529-1916.jar:na]
	at org.eclipse.m2e.core.internal.embedder.MavenExecutionContext.execute(MavenExecutionContext.java:99) ~[org.eclipse.m2e.core_1.12.0.20190529-1916.jar:na]
	at org.eclipse.m2e.core.internal.embedder.MavenImpl.resolve(MavenImpl.java:769) ~[org.eclipse.m2e.core_1.12.0.20190529-1916.jar:na]
	at org.eclipse.m2e.core.internal.embedder.MavenImpl.resolve(MavenImpl.java:746) ~[org.eclipse.m2e.core_1.12.0.20190529-1916.jar:na]
	at org.eclipse.m2e.jdt.internal.DownloadSourcesJob.download(DownloadSourcesJob.java:328) [org.eclipse.m2e.jdt_1.12.0.20190529-1916.jar:na]
	at org.eclipse.m2e.jdt.internal.DownloadSourcesJob.downloadAttachments(DownloadSourcesJob.java:314) [org.eclipse.m2e.jdt_1.12.0.20190529-1916.jar:na]
	at org.eclipse.m2e.jdt.internal.DownloadSourcesJob.downloadMaven(DownloadSourcesJob.java:267) [org.eclipse.m2e.jdt_1.12.0.20190529-1916.jar:na]
	at org.eclipse.m2e.jdt.internal.DownloadSourcesJob.downloadFilesAndPopulateToUpdate(DownloadSourcesJob.java:231) [org.eclipse.m2e.jdt_1.12.0.20190529-1916.jar:na]
	at org.eclipse.m2e.jdt.internal.DownloadSourcesJob.lambda$0(DownloadSourcesJob.java:159) [org.eclipse.m2e.jdt_1.12.0.20190529-1916.jar:na]
	at org.eclipse.m2e.core.internal.embedder.MavenExecutionContext.executeBare(MavenExecutionContext.java:177) ~[org.eclipse.m2e.core_1.12.0.20190529-1916.jar:na]
	at org.eclipse.m2e.core.internal.embedder.MavenExecutionContext.execute(MavenExecutionContext.java:151) ~[org.eclipse.m2e.core_1.12.0.20190529-1916.jar:na]
	at org.eclipse.m2e.core.internal.embedder.MavenExecutionContext.execute(MavenExecutionContext.java:99) ~[org.eclipse.m2e.core_1.12.0.20190529-1916.jar:na]
	at org.eclipse.m2e.core.internal.embedder.MavenImpl.execute(MavenImpl.java:1374) ~[org.eclipse.m2e.core_1.12.0.20190529-1916.jar:na]
	at org.eclipse.m2e.jdt.internal.DownloadSourcesJob.run(DownloadSourcesJob.java:159) [org.eclipse.m2e.jdt_1.12.0.20190529-1916.jar:na]
	at org.eclipse.core.internal.jobs.Worker.run(Worker.java:63) ~[org.eclipse.core.jobs_3.10.400.v20190506-1457.jar:na]
2019-09-18 15:20:35,237 [Worker-19: Download sources and javadoc] INFO  o.e.m.c.i.e.AbstractTransferListenerAdapter - Downloaded https://repo.maven.apache.org/maven2/org/springframework/boot/spring-boot-starter/2.1.8.RELEASE/spring-boot-starter-2.1.8.RELEASE-javadoc.jar
2019-09-18 15:20:35,237 [Worker-19: Download sources and javadoc] ERROR o.e.m.j.internal.DownloadSourcesJob - Could not download javadoc for org.springframework.boot:spring-boot-starter:2.1.8.RELEASE
org.eclipse.core.runtime.CoreException: Could not resolve artifact org.springframework.boot:spring-boot-starter:jar:javadoc:2.1.8.RELEASE
	at org.eclipse.m2e.core.internal.embedder.MavenImpl.lambda$4(MavenImpl.java:801) ~[org.eclipse.m2e.core_1.12.0.20190529-1916.jar:na]
	at org.eclipse.m2e.core.internal.embedder.MavenExecutionContext.executeBare(MavenExecutionContext.java:177) ~[org.eclipse.m2e.core_1.12.0.20190529-1916.jar:na]
	at org.eclipse.m2e.core.internal.embedder.MavenExecutionContext.execute(MavenExecutionContext.java:112) ~[org.eclipse.m2e.core_1.12.0.20190529-1916.jar:na]
	at org.eclipse.m2e.core.internal.embedder.MavenExecutionContext.execute(MavenExecutionContext.java:99) ~[org.eclipse.m2e.core_1.12.0.20190529-1916.jar:na]
	at org.eclipse.m2e.core.internal.embedder.MavenImpl.resolve(MavenImpl.java:769) ~[org.eclipse.m2e.core_1.12.0.20190529-1916.jar:na]
	at org.eclipse.m2e.core.internal.embedder.MavenImpl.resolve(MavenImpl.java:746) ~[org.eclipse.m2e.core_1.12.0.20190529-1916.jar:na]
	at org.eclipse.m2e.jdt.internal.DownloadSourcesJob.download(DownloadSourcesJob.java:328) [org.eclipse.m2e.jdt_1.12.0.20190529-1916.jar:na]
	at org.eclipse.m2e.jdt.internal.DownloadSourcesJob.downloadAttachments(DownloadSourcesJob.java:314) [org.eclipse.m2e.jdt_1.12.0.20190529-1916.jar:na]
	at org.eclipse.m2e.jdt.internal.DownloadSourcesJob.downloadMaven(DownloadSourcesJob.java:267) [org.eclipse.m2e.jdt_1.12.0.20190529-1916.jar:na]
	at org.eclipse.m2e.jdt.internal.DownloadSourcesJob.downloadFilesAndPopulateToUpdate(DownloadSourcesJob.java:231) [org.eclipse.m2e.jdt_1.12.0.20190529-1916.jar:na]
	at org.eclipse.m2e.jdt.internal.DownloadSourcesJob.lambda$0(DownloadSourcesJob.java:159) [org.eclipse.m2e.jdt_1.12.0.20190529-1916.jar:na]
	at org.eclipse.m2e.core.internal.embedder.MavenExecutionContext.executeBare(MavenExecutionContext.java:177) ~[org.eclipse.m2e.core_1.12.0.20190529-1916.jar:na]
	at org.eclipse.m2e.core.internal.embedder.MavenExecutionContext.execute(MavenExecutionContext.java:151) ~[org.eclipse.m2e.core_1.12.0.20190529-1916.jar:na]
	at org.eclipse.m2e.core.internal.embedder.MavenExecutionContext.execute(MavenExecutionContext.java:99) ~[org.eclipse.m2e.core_1.12.0.20190529-1916.jar:na]
	at org.eclipse.m2e.core.internal.embedder.MavenImpl.execute(MavenImpl.java:1374) ~[org.eclipse.m2e.core_1.12.0.20190529-1916.jar:na]
	at org.eclipse.m2e.jdt.internal.DownloadSourcesJob.run(DownloadSourcesJob.java:159) [org.eclipse.m2e.jdt_1.12.0.20190529-1916.jar:na]
	at org.eclipse.core.internal.jobs.Worker.run(Worker.java:63) ~[org.eclipse.core.jobs_3.10.400.v20190506-1457.jar:na]
2019-09-18 15:20:35,487 [Worker-19: Download sources and javadoc] INFO  o.e.m.c.i.e.AbstractTransferListenerAdapter - Downloaded https://repo.maven.apache.org/maven2/org/springframework/boot/spring-boot-starter-logging/2.1.8.RELEASE/spring-boot-starter-logging-2.1.8.RELEASE-javadoc.jar
2019-09-18 15:20:35,503 [Worker-19: Download sources and javadoc] ERROR o.e.m.j.internal.DownloadSourcesJob - Could not download javadoc for org.springframework.boot:spring-boot-starter-logging:2.1.8.RELEASE
org.eclipse.core.runtime.CoreException: Could not resolve artifact org.springframework.boot:spring-boot-starter-logging:jar:javadoc:2.1.8.RELEASE
	at org.eclipse.m2e.core.internal.embedder.MavenImpl.lambda$4(MavenImpl.java:801) ~[org.eclipse.m2e.core_1.12.0.20190529-1916.jar:na]
	at org.eclipse.m2e.core.internal.embedder.MavenExecutionContext.executeBare(MavenExecutionContext.java:177) ~[org.eclipse.m2e.core_1.12.0.20190529-1916.jar:na]
	at org.eclipse.m2e.core.internal.embedder.MavenExecutionContext.execute(MavenExecutionContext.java:112) ~[org.eclipse.m2e.core_1.12.0.20190529-1916.jar:na]
	at org.eclipse.m2e.core.internal.embedder.MavenExecutionContext.execute(MavenExecutionContext.java:99) ~[org.eclipse.m2e.core_1.12.0.20190529-1916.jar:na]
	at org.eclipse.m2e.core.internal.embedder.MavenImpl.resolve(MavenImpl.java:769) ~[org.eclipse.m2e.core_1.12.0.20190529-1916.jar:na]
	at org.eclipse.m2e.core.internal.embedder.MavenImpl.resolve(MavenImpl.java:746) ~[org.eclipse.m2e.core_1.12.0.20190529-1916.jar:na]
	at org.eclipse.m2e.jdt.internal.DownloadSourcesJob.download(DownloadSourcesJob.java:328) [org.eclipse.m2e.jdt_1.12.0.20190529-1916.jar:na]
	at org.eclipse.m2e.jdt.internal.DownloadSourcesJob.downloadAttachments(DownloadSourcesJob.java:314) [org.eclipse.m2e.jdt_1.12.0.20190529-1916.jar:na]
	at org.eclipse.m2e.jdt.internal.DownloadSourcesJob.downloadMaven(DownloadSourcesJob.java:267) [org.eclipse.m2e.jdt_1.12.0.20190529-1916.jar:na]
	at org.eclipse.m2e.jdt.internal.DownloadSourcesJob.downloadFilesAndPopulateToUpdate(DownloadSourcesJob.java:231) [org.eclipse.m2e.jdt_1.12.0.20190529-1916.jar:na]
	at org.eclipse.m2e.jdt.internal.DownloadSourcesJob.lambda$0(DownloadSourcesJob.java:159) [org.eclipse.m2e.jdt_1.12.0.20190529-1916.jar:na]
	at org.eclipse.m2e.core.internal.embedder.MavenExecutionContext.executeBare(MavenExecutionContext.java:177) ~[org.eclipse.m2e.core_1.12.0.20190529-1916.jar:na]
	at org.eclipse.m2e.core.internal.embedder.MavenExecutionContext.execute(MavenExecutionContext.java:151) ~[org.eclipse.m2e.core_1.12.0.20190529-1916.jar:na]
	at org.eclipse.m2e.core.internal.embedder.MavenExecutionContext.execute(MavenExecutionContext.java:99) ~[org.eclipse.m2e.core_1.12.0.20190529-1916.jar:na]
	at org.eclipse.m2e.core.internal.embedder.MavenImpl.execute(MavenImpl.java:1374) ~[org.eclipse.m2e.core_1.12.0.20190529-1916.jar:na]
	at org.eclipse.m2e.jdt.internal.DownloadSourcesJob.run(DownloadSourcesJob.java:159) [org.eclipse.m2e.jdt_1.12.0.20190529-1916.jar:na]
	at org.eclipse.core.internal.jobs.Worker.run(Worker.java:63) ~[org.eclipse.core.jobs_3.10.400.v20190506-1457.jar:na]
2019-09-18 15:20:35,753 [Worker-19: Download sources and javadoc] INFO  o.e.m.c.i.e.AbstractTransferListenerAdapter - Downloaded https://repo.maven.apache.org/maven2/org/springframework/boot/spring-boot-starter-web/2.1.8.RELEASE/spring-boot-starter-web-2.1.8.RELEASE-javadoc.jar
2019-09-18 15:20:35,753 [Worker-19: Download sources and javadoc] ERROR o.e.m.j.internal.DownloadSourcesJob - Could not download javadoc for org.springframework.boot:spring-boot-starter-web:2.1.8.RELEASE
org.eclipse.core.runtime.CoreException: Could not resolve artifact org.springframework.boot:spring-boot-starter-web:jar:javadoc:2.1.8.RELEASE
	at org.eclipse.m2e.core.internal.embedder.MavenImpl.lambda$4(MavenImpl.java:801) ~[org.eclipse.m2e.core_1.12.0.20190529-1916.jar:na]
	at org.eclipse.m2e.core.internal.embedder.MavenExecutionContext.executeBare(MavenExecutionContext.java:177) ~[org.eclipse.m2e.core_1.12.0.20190529-1916.jar:na]
	at org.eclipse.m2e.core.internal.embedder.MavenExecutionContext.execute(MavenExecutionContext.java:112) ~[org.eclipse.m2e.core_1.12.0.20190529-1916.jar:na]
	at org.eclipse.m2e.core.internal.embedder.MavenExecutionContext.execute(MavenExecutionContext.java:99) ~[org.eclipse.m2e.core_1.12.0.20190529-1916.jar:na]
	at org.eclipse.m2e.core.internal.embedder.MavenImpl.resolve(MavenImpl.java:769) ~[org.eclipse.m2e.core_1.12.0.20190529-1916.jar:na]
	at org.eclipse.m2e.core.internal.embedder.MavenImpl.resolve(MavenImpl.java:746) ~[org.eclipse.m2e.core_1.12.0.20190529-1916.jar:na]
	at org.eclipse.m2e.jdt.internal.DownloadSourcesJob.download(DownloadSourcesJob.java:328) [org.eclipse.m2e.jdt_1.12.0.20190529-1916.jar:na]
	at org.eclipse.m2e.jdt.internal.DownloadSourcesJob.downloadAttachments(DownloadSourcesJob.java:314) [org.eclipse.m2e.jdt_1.12.0.20190529-1916.jar:na]
	at org.eclipse.m2e.jdt.internal.DownloadSourcesJob.downloadMaven(DownloadSourcesJob.java:267) [org.eclipse.m2e.jdt_1.12.0.20190529-1916.jar:na]
	at org.eclipse.m2e.jdt.internal.DownloadSourcesJob.downloadFilesAndPopulateToUpdate(DownloadSourcesJob.java:231) [org.eclipse.m2e.jdt_1.12.0.20190529-1916.jar:na]
	at org.eclipse.m2e.jdt.internal.DownloadSourcesJob.lambda$0(DownloadSourcesJob.java:159) [org.eclipse.m2e.jdt_1.12.0.20190529-1916.jar:na]
	at org.eclipse.m2e.core.internal.embedder.MavenExecutionContext.executeBare(MavenExecutionContext.java:177) ~[org.eclipse.m2e.core_1.12.0.20190529-1916.jar:na]
	at org.eclipse.m2e.core.internal.embedder.MavenExecutionContext.execute(MavenExecutionContext.java:151) ~[org.eclipse.m2e.core_1.12.0.20190529-1916.jar:na]
	at org.eclipse.m2e.core.internal.embedder.MavenExecutionContext.execute(MavenExecutionContext.java:99) ~[org.eclipse.m2e.core_1.12.0.20190529-1916.jar:na]
	at org.eclipse.m2e.core.internal.embedder.MavenImpl.execute(MavenImpl.java:1374) ~[org.eclipse.m2e.core_1.12.0.20190529-1916.jar:na]
	at org.eclipse.m2e.jdt.internal.DownloadSourcesJob.run(DownloadSourcesJob.java:159) [org.eclipse.m2e.jdt_1.12.0.20190529-1916.jar:na]
	at org.eclipse.core.internal.jobs.Worker.run(Worker.java:63) ~[org.eclipse.core.jobs_3.10.400.v20190506-1457.jar:na]
2019-09-18 15:20:36,003 [Worker-19: Download sources and javadoc] INFO  o.e.m.c.i.e.AbstractTransferListenerAdapter - Downloaded https://repo.maven.apache.org/maven2/org/springframework/boot/spring-boot-starter-json/2.1.8.RELEASE/spring-boot-starter-json-2.1.8.RELEASE-javadoc.jar
2019-09-18 15:20:36,018 [Worker-19: Download sources and javadoc] ERROR o.e.m.j.internal.DownloadSourcesJob - Could not download javadoc for org.springframework.boot:spring-boot-starter-json:2.1.8.RELEASE
org.eclipse.core.runtime.CoreException: Could not resolve artifact org.springframework.boot:spring-boot-starter-json:jar:javadoc:2.1.8.RELEASE
	at org.eclipse.m2e.core.internal.embedder.MavenImpl.lambda$4(MavenImpl.java:801) ~[org.eclipse.m2e.core_1.12.0.20190529-1916.jar:na]
	at org.eclipse.m2e.core.internal.embedder.MavenExecutionContext.executeBare(MavenExecutionContext.java:177) ~[org.eclipse.m2e.core_1.12.0.20190529-1916.jar:na]
	at org.eclipse.m2e.core.internal.embedder.MavenExecutionContext.execute(MavenExecutionContext.java:112) ~[org.eclipse.m2e.core_1.12.0.20190529-1916.jar:na]
	at org.eclipse.m2e.core.internal.embedder.MavenExecutionContext.execute(MavenExecutionContext.java:99) ~[org.eclipse.m2e.core_1.12.0.20190529-1916.jar:na]
	at org.eclipse.m2e.core.internal.embedder.MavenImpl.resolve(MavenImpl.java:769) ~[org.eclipse.m2e.core_1.12.0.20190529-1916.jar:na]
	at org.eclipse.m2e.core.internal.embedder.MavenImpl.resolve(MavenImpl.java:746) ~[org.eclipse.m2e.core_1.12.0.20190529-1916.jar:na]
	at org.eclipse.m2e.jdt.internal.DownloadSourcesJob.download(DownloadSourcesJob.java:328) [org.eclipse.m2e.jdt_1.12.0.20190529-1916.jar:na]
	at org.eclipse.m2e.jdt.internal.DownloadSourcesJob.downloadAttachments(DownloadSourcesJob.java:314) [org.eclipse.m2e.jdt_1.12.0.20190529-1916.jar:na]
	at org.eclipse.m2e.jdt.internal.DownloadSourcesJob.downloadMaven(DownloadSourcesJob.java:267) [org.eclipse.m2e.jdt_1.12.0.20190529-1916.jar:na]
	at org.eclipse.m2e.jdt.internal.DownloadSourcesJob.downloadFilesAndPopulateToUpdate(DownloadSourcesJob.java:231) [org.eclipse.m2e.jdt_1.12.0.20190529-1916.jar:na]
	at org.eclipse.m2e.jdt.internal.DownloadSourcesJob.lambda$0(DownloadSourcesJob.java:159) [org.eclipse.m2e.jdt_1.12.0.20190529-1916.jar:na]
	at org.eclipse.m2e.core.internal.embedder.MavenExecutionContext.executeBare(MavenExecutionContext.java:177) ~[org.eclipse.m2e.core_1.12.0.20190529-1916.jar:na]
	at org.eclipse.m2e.core.internal.embedder.MavenExecutionContext.execute(MavenExecutionContext.java:151) ~[org.eclipse.m2e.core_1.12.0.20190529-1916.jar:na]
	at org.eclipse.m2e.core.internal.embedder.MavenExecutionContext.execute(MavenExecutionContext.java:99) ~[org.eclipse.m2e.core_1.12.0.20190529-1916.jar:na]
	at org.eclipse.m2e.core.internal.embedder.MavenImpl.execute(MavenImpl.java:1374) ~[org.eclipse.m2e.core_1.12.0.20190529-1916.jar:na]
	at org.eclipse.m2e.jdt.internal.DownloadSourcesJob.run(DownloadSourcesJob.java:159) [org.eclipse.m2e.jdt_1.12.0.20190529-1916.jar:na]
	at org.eclipse.core.internal.jobs.Worker.run(Worker.java:63) ~[org.eclipse.core.jobs_3.10.400.v20190506-1457.jar:na]
2019-09-18 15:20:36,268 [Worker-19: Download sources and javadoc] INFO  o.e.m.c.i.e.AbstractTransferListenerAdapter - Downloaded https://repo.maven.apache.org/maven2/org/springframework/boot/spring-boot-starter-tomcat/2.1.8.RELEASE/spring-boot-starter-tomcat-2.1.8.RELEASE-javadoc.jar
2019-09-18 15:20:36,268 [Worker-19: Download sources and javadoc] ERROR o.e.m.j.internal.DownloadSourcesJob - Could not download javadoc for org.springframework.boot:spring-boot-starter-tomcat:2.1.8.RELEASE
org.eclipse.core.runtime.CoreException: Could not resolve artifact org.springframework.boot:spring-boot-starter-tomcat:jar:javadoc:2.1.8.RELEASE
	at org.eclipse.m2e.core.internal.embedder.MavenImpl.lambda$4(MavenImpl.java:801) ~[org.eclipse.m2e.core_1.12.0.20190529-1916.jar:na]
	at org.eclipse.m2e.core.internal.embedder.MavenExecutionContext.executeBare(MavenExecutionContext.java:177) ~[org.eclipse.m2e.core_1.12.0.20190529-1916.jar:na]
	at org.eclipse.m2e.core.internal.embedder.MavenExecutionContext.execute(MavenExecutionContext.java:112) ~[org.eclipse.m2e.core_1.12.0.20190529-1916.jar:na]
	at org.eclipse.m2e.core.internal.embedder.MavenExecutionContext.execute(MavenExecutionContext.java:99) ~[org.eclipse.m2e.core_1.12.0.20190529-1916.jar:na]
	at org.eclipse.m2e.core.internal.embedder.MavenImpl.resolve(MavenImpl.java:769) ~[org.eclipse.m2e.core_1.12.0.20190529-1916.jar:na]
	at org.eclipse.m2e.core.internal.embedder.MavenImpl.resolve(MavenImpl.java:746) ~[org.eclipse.m2e.core_1.12.0.20190529-1916.jar:na]
	at org.eclipse.m2e.jdt.internal.DownloadSourcesJob.download(DownloadSourcesJob.java:328) [org.eclipse.m2e.jdt_1.12.0.20190529-1916.jar:na]
	at org.eclipse.m2e.jdt.internal.DownloadSourcesJob.downloadAttachments(DownloadSourcesJob.java:314) [org.eclipse.m2e.jdt_1.12.0.20190529-1916.jar:na]
	at org.eclipse.m2e.jdt.internal.DownloadSourcesJob.downloadMaven(DownloadSourcesJob.java:267) [org.eclipse.m2e.jdt_1.12.0.20190529-1916.jar:na]
	at org.eclipse.m2e.jdt.internal.DownloadSourcesJob.downloadFilesAndPopulateToUpdate(DownloadSourcesJob.java:231) [org.eclipse.m2e.jdt_1.12.0.20190529-1916.jar:na]
	at org.eclipse.m2e.jdt.internal.DownloadSourcesJob.lambda$0(DownloadSourcesJob.java:159) [org.eclipse.m2e.jdt_1.12.0.20190529-1916.jar:na]
	at org.eclipse.m2e.core.internal.embedder.MavenExecutionContext.executeBare(MavenExecutionContext.java:177) ~[org.eclipse.m2e.core_1.12.0.20190529-1916.jar:na]
	at org.eclipse.m2e.core.internal.embedder.MavenExecutionContext.execute(MavenExecutionContext.java:151) ~[org.eclipse.m2e.core_1.12.0.20190529-1916.jar:na]
	at org.eclipse.m2e.core.internal.embedder.MavenExecutionContext.execute(MavenExecutionContext.java:99) ~[org.eclipse.m2e.core_1.12.0.20190529-1916.jar:na]
	at org.eclipse.m2e.core.internal.embedder.MavenImpl.execute(MavenImpl.java:1374) ~[org.eclipse.m2e.core_1.12.0.20190529-1916.jar:na]
	at org.eclipse.m2e.jdt.internal.DownloadSourcesJob.run(DownloadSourcesJob.java:159) [org.eclipse.m2e.jdt_1.12.0.20190529-1916.jar:na]
	at org.eclipse.core.internal.jobs.Worker.run(Worker.java:63) ~[org.eclipse.core.jobs_3.10.400.v20190506-1457.jar:na]
2019-09-18 15:20:36,284 [Worker-19: Download sources and javadoc] INFO  o.e.m.j.internal.DownloadSourcesJob - Downloaded sources for org.apache.tomcat.embed:tomcat-embed-el:9.0.24
2019-09-18 15:20:36,284 [Worker-19: Download sources and javadoc] INFO  o.e.m.j.internal.DownloadSourcesJob - Downloaded sources for org.apache.tomcat.embed:tomcat-embed-websocket:9.0.24
2019-09-18 15:20:36,284 [Worker-19: Download sources and javadoc] INFO  o.e.m.j.internal.DownloadSourcesJob - Downloaded sources for org.jboss.logging:jboss-logging:3.3.3.Final
2019-09-18 15:20:36,284 [Worker-19: Download sources and javadoc] INFO  o.e.m.j.internal.DownloadSourcesJob - Downloaded sources for org.springframework.boot:spring-boot-devtools:2.1.8.RELEASE
2019-09-18 15:20:36,300 [Worker-19: Download sources and javadoc] INFO  o.e.m.j.internal.DownloadSourcesJob - Downloaded sources for org.springframework.boot:spring-boot:2.1.8.RELEASE
2019-09-18 15:20:36,300 [Worker-19: Download sources and javadoc] INFO  o.e.m.j.internal.DownloadSourcesJob - Downloaded sources for org.springframework.boot:spring-boot-autoconfigure:2.1.8.RELEASE
2019-09-18 15:20:36,550 [Worker-19: Download sources and javadoc] INFO  o.e.m.c.i.e.AbstractTransferListenerAdapter - Downloaded https://repo.maven.apache.org/maven2/org/springframework/boot/spring-boot-starter-test/2.1.8.RELEASE/spring-boot-starter-test-2.1.8.RELEASE-javadoc.jar
2019-09-18 15:20:36,550 [Worker-19: Download sources and javadoc] ERROR o.e.m.j.internal.DownloadSourcesJob - Could not download javadoc for org.springframework.boot:spring-boot-starter-test:2.1.8.RELEASE
org.eclipse.core.runtime.CoreException: Could not resolve artifact org.springframework.boot:spring-boot-starter-test:jar:javadoc:2.1.8.RELEASE
	at org.eclipse.m2e.core.internal.embedder.MavenImpl.lambda$4(MavenImpl.java:801) ~[org.eclipse.m2e.core_1.12.0.20190529-1916.jar:na]
	at org.eclipse.m2e.core.internal.embedder.MavenExecutionContext.executeBare(MavenExecutionContext.java:177) ~[org.eclipse.m2e.core_1.12.0.20190529-1916.jar:na]
	at org.eclipse.m2e.core.internal.embedder.MavenExecutionContext.execute(MavenExecutionContext.java:112) ~[org.eclipse.m2e.core_1.12.0.20190529-1916.jar:na]
	at org.eclipse.m2e.core.internal.embedder.MavenExecutionContext.execute(MavenExecutionContext.java:99) ~[org.eclipse.m2e.core_1.12.0.20190529-1916.jar:na]
	at org.eclipse.m2e.core.internal.embedder.MavenImpl.resolve(MavenImpl.java:769) ~[org.eclipse.m2e.core_1.12.0.20190529-1916.jar:na]
	at org.eclipse.m2e.core.internal.embedder.MavenImpl.resolve(MavenImpl.java:746) ~[org.eclipse.m2e.core_1.12.0.20190529-1916.jar:na]
	at org.eclipse.m2e.jdt.internal.DownloadSourcesJob.download(DownloadSourcesJob.java:328) [org.eclipse.m2e.jdt_1.12.0.20190529-1916.jar:na]
	at org.eclipse.m2e.jdt.internal.DownloadSourcesJob.downloadAttachments(DownloadSourcesJob.java:314) [org.eclipse.m2e.jdt_1.12.0.20190529-1916.jar:na]
	at org.eclipse.m2e.jdt.internal.DownloadSourcesJob.downloadMaven(DownloadSourcesJob.java:267) [org.eclipse.m2e.jdt_1.12.0.20190529-1916.jar:na]
	at org.eclipse.m2e.jdt.internal.DownloadSourcesJob.downloadFilesAndPopulateToUpdate(DownloadSourcesJob.java:231) [org.eclipse.m2e.jdt_1.12.0.20190529-1916.jar:na]
	at org.eclipse.m2e.jdt.internal.DownloadSourcesJob.lambda$0(DownloadSourcesJob.java:159) [org.eclipse.m2e.jdt_1.12.0.20190529-1916.jar:na]
	at org.eclipse.m2e.core.internal.embedder.MavenExecutionContext.executeBare(MavenExecutionContext.java:177) ~[org.eclipse.m2e.core_1.12.0.20190529-1916.jar:na]
	at org.eclipse.m2e.core.internal.embedder.MavenExecutionContext.execute(MavenExecutionContext.java:151) ~[org.eclipse.m2e.core_1.12.0.20190529-1916.jar:na]
	at org.eclipse.m2e.core.internal.embedder.MavenExecutionContext.execute(MavenExecutionContext.java:99) ~[org.eclipse.m2e.core_1.12.0.20190529-1916.jar:na]
	at org.eclipse.m2e.core.internal.embedder.MavenImpl.execute(MavenImpl.java:1374) ~[org.eclipse.m2e.core_1.12.0.20190529-1916.jar:na]
	at org.eclipse.m2e.jdt.internal.DownloadSourcesJob.run(DownloadSourcesJob.java:159) [org.eclipse.m2e.jdt_1.12.0.20190529-1916.jar:na]
	at org.eclipse.core.internal.jobs.Worker.run(Worker.java:63) ~[org.eclipse.core.jobs_3.10.400.v20190506-1457.jar:na]
2019-09-18 15:20:36,565 [Worker-19: Download sources and javadoc] INFO  o.e.m.j.internal.DownloadSourcesJob - Downloaded sources for org.springframework.boot:spring-boot-test:2.1.8.RELEASE
2019-09-18 15:20:36,565 [Worker-19: Download sources and javadoc] INFO  o.e.m.j.internal.DownloadSourcesJob - Downloaded sources for org.springframework.boot:spring-boot-test-autoconfigure:2.1.8.RELEASE
2019-09-18 15:20:36,768 [Worker-12: Building workspace] INFO  o.e.m.c.i.embedder.EclipseLogger - Using 'UTF-8' encoding to copy filtered resources.
2019-09-18 15:20:36,784 [Worker-12: Building workspace] INFO  o.e.m.c.i.embedder.EclipseLogger - Copying 0 resource
2019-09-18 15:20:36,784 [Worker-12: Building workspace] INFO  o.e.m.c.i.embedder.EclipseLogger - Copying 0 resource
2019-09-18 15:20:36,784 [Worker-12: Building workspace] INFO  o.e.m.c.i.embedder.EclipseLogger - Using 'UTF-8' encoding to copy filtered resources.
2019-09-18 15:20:36,784 [Worker-12: Building workspace] INFO  o.e.m.c.i.embedder.EclipseLogger - skip non existing resourceDirectory E:\raceGenerator\RaceGenerator\src\test\resources
2019-09-18 15:22:11,121 [Worker-19: Building workspace] INFO  o.e.m.c.i.embedder.EclipseLogger - Using 'UTF-8' encoding to copy filtered resources.
2019-09-18 15:22:11,121 [Worker-19: Building workspace] INFO  o.e.m.c.i.embedder.EclipseLogger - Copying 1 resource
2019-09-18 15:22:11,121 [Worker-19: Building workspace] INFO  o.e.m.c.i.embedder.EclipseLogger - Copying 0 resource
2019-09-18 15:22:11,121 [Worker-19: Building workspace] INFO  o.e.m.c.i.embedder.EclipseLogger - Using 'UTF-8' encoding to copy filtered resources.
2019-09-18 15:22:11,121 [Worker-19: Building workspace] INFO  o.e.m.c.i.embedder.EclipseLogger - skip non existing resourceDirectory E:\raceGenerator\RaceGenerator\src\test\resources
2019-09-18 15:22:36,470 [Worker-12: Building workspace] INFO  o.e.m.c.i.embedder.EclipseLogger - Using 'UTF-8' encoding to copy filtered resources.
2019-09-18 15:22:36,470 [Worker-12: Building workspace] INFO  o.e.m.c.i.embedder.EclipseLogger - Copying 1 resource
2019-09-18 15:22:36,470 [Worker-12: Building workspace] INFO  o.e.m.c.i.embedder.EclipseLogger - Copying 0 resource
2019-09-18 15:22:36,470 [Worker-12: Building workspace] INFO  o.e.m.c.i.embedder.EclipseLogger - Using 'UTF-8' encoding to copy filtered resources.
2019-09-18 15:22:36,470 [Worker-12: Building workspace] INFO  o.e.m.c.i.embedder.EclipseLogger - skip non existing resourceDirectory E:\raceGenerator\RaceGenerator\src\test\resources
2019-09-18 15:29:50,398 [Worker-11: Building workspace] INFO  o.e.m.c.i.embedder.EclipseLogger - Using 'UTF-8' encoding to copy filtered resources.
2019-09-18 15:29:50,398 [Worker-11: Building workspace] INFO  o.e.m.c.i.embedder.EclipseLogger - Copying 1 resource
2019-09-18 15:29:50,398 [Worker-11: Building workspace] INFO  o.e.m.c.i.embedder.EclipseLogger - Copying 0 resource
2019-09-18 15:29:50,398 [Worker-11: Building workspace] INFO  o.e.m.c.i.embedder.EclipseLogger - Using 'UTF-8' encoding to copy filtered resources.
2019-09-18 15:29:50,398 [Worker-11: Building workspace] INFO  o.e.m.c.i.embedder.EclipseLogger - skip non existing resourceDirectory E:\raceGenerator\RaceGenerator\src\test\resources
2019-09-18 15:36:34,571 [Worker-22: Building workspace] INFO  o.e.m.c.i.embedder.EclipseLogger - Using 'UTF-8' encoding to copy filtered resources.
2019-09-18 15:36:34,572 [Worker-22: Building workspace] INFO  o.e.m.c.i.embedder.EclipseLogger - Copying 1 resource
2019-09-18 15:36:34,573 [Worker-22: Building workspace] INFO  o.e.m.c.i.embedder.EclipseLogger - Copying 0 resource
2019-09-18 15:36:34,575 [Worker-22: Building workspace] INFO  o.e.m.c.i.embedder.EclipseLogger - Using 'UTF-8' encoding to copy filtered resources.
2019-09-18 15:36:34,576 [Worker-22: Building workspace] INFO  o.e.m.c.i.embedder.EclipseLogger - skip non existing resourceDirectory E:\raceGenerator\RaceGenerator\src\test\resources
2019-09-18 15:38:34,815 [Worker-29: Building workspace] INFO  o.e.m.c.i.embedder.EclipseLogger - Using 'UTF-8' encoding to copy filtered resources.
2019-09-18 15:38:34,816 [Worker-29: Building workspace] INFO  o.e.m.c.i.embedder.EclipseLogger - Copying 1 resource
2019-09-18 15:38:34,817 [Worker-29: Building workspace] INFO  o.e.m.c.i.embedder.EclipseLogger - Copying 0 resource
2019-09-18 15:38:34,819 [Worker-29: Building workspace] INFO  o.e.m.c.i.embedder.EclipseLogger - Using 'UTF-8' encoding to copy filtered resources.
2019-09-18 15:38:34,819 [Worker-29: Building workspace] INFO  o.e.m.c.i.embedder.EclipseLogger - skip non existing resourceDirectory E:\raceGenerator\RaceGenerator\src\test\resources
2019-09-18 15:41:29,912 [Worker-27: Building workspace] INFO  o.e.m.c.i.embedder.EclipseLogger - Using 'UTF-8' encoding to copy filtered resources.
2019-09-18 15:41:29,913 [Worker-27: Building workspace] INFO  o.e.m.c.i.embedder.EclipseLogger - Copying 1 resource
2019-09-18 15:41:29,913 [Worker-27: Building workspace] INFO  o.e.m.c.i.embedder.EclipseLogger - Copying 0 resource
2019-09-18 15:41:29,916 [Worker-27: Building workspace] INFO  o.e.m.c.i.embedder.EclipseLogger - Using 'UTF-8' encoding to copy filtered resources.
2019-09-18 15:41:29,916 [Worker-27: Building workspace] INFO  o.e.m.c.i.embedder.EclipseLogger - skip non existing resourceDirectory E:\raceGenerator\RaceGenerator\src\test\resources
2019-09-18 15:41:35,680 [Worker-24: Building workspace] INFO  o.e.m.c.i.embedder.EclipseLogger - Using 'UTF-8' encoding to copy filtered resources.
2019-09-18 15:41:35,680 [Worker-24: Building workspace] INFO  o.e.m.c.i.embedder.EclipseLogger - Copying 1 resource
2019-09-18 15:41:35,681 [Worker-24: Building workspace] INFO  o.e.m.c.i.embedder.EclipseLogger - Copying 0 resource
2019-09-18 15:41:35,682 [Worker-24: Building workspace] INFO  o.e.m.c.i.embedder.EclipseLogger - Using 'UTF-8' encoding to copy filtered resources.
2019-09-18 15:41:35,682 [Worker-24: Building workspace] INFO  o.e.m.c.i.embedder.EclipseLogger - skip non existing resourceDirectory E:\raceGenerator\RaceGenerator\src\test\resources
2019-09-18 15:43:00,795 [Worker-28: Building workspace] INFO  o.e.m.c.i.embedder.EclipseLogger - Using 'UTF-8' encoding to copy filtered resources.
2019-09-18 15:43:00,795 [Worker-28: Building workspace] INFO  o.e.m.c.i.embedder.EclipseLogger - Copying 1 resource
2019-09-18 15:43:00,796 [Worker-28: Building workspace] INFO  o.e.m.c.i.embedder.EclipseLogger - Copying 0 resource
2019-09-18 15:43:00,797 [Worker-28: Building workspace] INFO  o.e.m.c.i.embedder.EclipseLogger - Using 'UTF-8' encoding to copy filtered resources.
2019-09-18 15:43:00,797 [Worker-28: Building workspace] INFO  o.e.m.c.i.embedder.EclipseLogger - skip non existing resourceDirectory E:\raceGenerator\RaceGenerator\src\test\resources
2019-09-18 15:44:38,032 [Worker-24: Building workspace] INFO  o.e.m.c.i.embedder.EclipseLogger - Using 'UTF-8' encoding to copy filtered resources.
2019-09-18 15:44:38,033 [Worker-24: Building workspace] INFO  o.e.m.c.i.embedder.EclipseLogger - Copying 1 resource
2019-09-18 15:44:38,033 [Worker-24: Building workspace] INFO  o.e.m.c.i.embedder.EclipseLogger - Copying 0 resource
2019-09-18 15:44:38,035 [Worker-24: Building workspace] INFO  o.e.m.c.i.embedder.EclipseLogger - Using 'UTF-8' encoding to copy filtered resources.
2019-09-18 15:44:38,035 [Worker-24: Building workspace] INFO  o.e.m.c.i.embedder.EclipseLogger - skip non existing resourceDirectory E:\raceGenerator\RaceGenerator\src\test\resources
2019-09-18 15:45:04,690 [Worker-28: Building workspace] INFO  o.e.m.c.i.embedder.EclipseLogger - Using 'UTF-8' encoding to copy filtered resources.
2019-09-18 15:45:04,691 [Worker-28: Building workspace] INFO  o.e.m.c.i.embedder.EclipseLogger - Copying 1 resource
2019-09-18 15:45:04,692 [Worker-28: Building workspace] INFO  o.e.m.c.i.embedder.EclipseLogger - Copying 0 resource
2019-09-18 15:45:04,694 [Worker-28: Building workspace] INFO  o.e.m.c.i.embedder.EclipseLogger - Using 'UTF-8' encoding to copy filtered resources.
2019-09-18 15:45:04,694 [Worker-28: Building workspace] INFO  o.e.m.c.i.embedder.EclipseLogger - skip non existing resourceDirectory E:\raceGenerator\RaceGenerator\src\test\resources
2019-09-18 15:45:20,639 [Worker-29: Building workspace] INFO  o.e.m.c.i.embedder.EclipseLogger - Using 'UTF-8' encoding to copy filtered resources.
2019-09-18 15:45:20,639 [Worker-29: Building workspace] INFO  o.e.m.c.i.embedder.EclipseLogger - Copying 1 resource
2019-09-18 15:45:20,640 [Worker-29: Building workspace] INFO  o.e.m.c.i.embedder.EclipseLogger - Copying 0 resource
2019-09-18 15:45:20,642 [Worker-29: Building workspace] INFO  o.e.m.c.i.embedder.EclipseLogger - Using 'UTF-8' encoding to copy filtered resources.
2019-09-18 15:45:20,642 [Worker-29: Building workspace] INFO  o.e.m.c.i.embedder.EclipseLogger - skip non existing resourceDirectory E:\raceGenerator\RaceGenerator\src\test\resources
2019-09-18 15:47:03,644 [Worker-22: Building workspace] INFO  o.e.m.c.i.embedder.EclipseLogger - Using 'UTF-8' encoding to copy filtered resources.
2019-09-18 15:47:03,660 [Worker-22: Building workspace] INFO  o.e.m.c.i.embedder.EclipseLogger - Copying 1 resource
2019-09-18 15:47:03,660 [Worker-22: Building workspace] INFO  o.e.m.c.i.embedder.EclipseLogger - Copying 0 resource
2019-09-18 15:47:03,660 [Worker-22: Building workspace] INFO  o.e.m.c.i.embedder.EclipseLogger - Using 'UTF-8' encoding to copy filtered resources.
2019-09-18 15:47:03,660 [Worker-22: Building workspace] INFO  o.e.m.c.i.embedder.EclipseLogger - skip non existing resourceDirectory E:\raceGenerator\RaceGenerator\src\test\resources
2019-09-18 15:48:05,500 [Worker-22: Building workspace] INFO  o.e.m.c.i.embedder.EclipseLogger - Using 'UTF-8' encoding to copy filtered resources.
2019-09-18 15:48:05,500 [Worker-22: Building workspace] INFO  o.e.m.c.i.embedder.EclipseLogger - Copying 1 resource
2019-09-18 15:48:05,500 [Worker-22: Building workspace] INFO  o.e.m.c.i.embedder.EclipseLogger - Copying 0 resource
2019-09-18 15:48:05,500 [Worker-22: Building workspace] INFO  o.e.m.c.i.embedder.EclipseLogger - Using 'UTF-8' encoding to copy filtered resources.
2019-09-18 15:48:05,500 [Worker-22: Building workspace] INFO  o.e.m.c.i.embedder.EclipseLogger - skip non existing resourceDirectory E:\raceGenerator\RaceGenerator\src\test\resources
